#
# A fatal error has been detected by the Java Runtime Environment:
#
#  EXCEPTION_ACCESS_VIOLATION (0xc0000005) at pc=0x00007ff96c6f577d, pid=20100, tid=3348
#
# JRE version: OpenJDK Runtime Environment Corretto-19.0.2.7.1 (19.0.2+7) (build 19.0.2+7-FR)
# Java VM: OpenJDK 64-Bit Server VM Corretto-19.0.2.7.1 (19.0.2+7-FR, mixed mode, sharing, tiered, compressed oops, compressed class ptrs, g1 gc, windows-amd64)
# Problematic frame:
# V  [jvm.dll+0x14577d]
#
# No core dump will be written. Minidumps are not enabled by default on client versions of Windows
#
# If you would like to submit a bug report, please visit:
#   https://github.com/corretto/corretto-19/issues/
#

---------------  S U M M A R Y ------------

Command Line: --add-opens=java.base/java.util=ALL-UNNAMED --add-opens=java.base/java.lang=ALL-UNNAMED --add-opens=java.base/java.lang.invoke=ALL-UNNAMED --add-opens=java.prefs/java.util.prefs=ALL-UNNAMED --add-opens=java.base/java.nio.charset=ALL-UNNAMED --add-opens=java.base/java.net=ALL-UNNAMED --add-opens=java.base/java.util.concurrent.atomic=ALL-UNNAMED -Xmx3G -Dfile.encoding=windows-1252 -Duser.country=US -Duser.language=en -Duser.variant -javaagent:C:\Users\willh\.gradle\wrapper\dists\gradle-8.7-bin\bhs2wmbdwecv87pi65oeuq5iu\gradle-8.7\lib\agents\gradle-instrumentation-agent-8.7.jar org.gradle.launcher.daemon.bootstrap.GradleDaemon 8.7

Host: Intel(R) Core(TM) i7-9700K CPU @ 3.60GHz, 8 cores, 31G,  Windows 11 , 64 bit Build 22621 (10.0.22621.3672)
Time: Fri Jul 26 20:30:55 2024 Eastern Daylight Time elapsed time: 4.318714 seconds (0d 0h 0m 4s)

---------------  T H R E A D  ---------------

Current thread (0x0000027431828f90):  JavaThread "C2 CompilerThread0" daemon [_thread_in_native, id=3348, stack(0x0000007f20500000,0x0000007f20600000)]


Current CompileTask:
C2:   4318 5013   !   4       java.net.URLClassLoader::findClass (47 bytes)

Stack: [0x0000007f20500000,0x0000007f20600000],  sp=0x0000007f205fba00,  free space=1006k
Native frames: (J=compiled Java code, j=interpreted, Vv=VM code, C=native code)
V  [jvm.dll+0x14577d]
V  [jvm.dll+0x145221]
V  [jvm.dll+0x2470a0]
V  [jvm.dll+0x2465a7]
V  [jvm.dll+0x1d4bb7]
V  [jvm.dll+0x25558a]
V  [jvm.dll+0x2538d7]
V  [jvm.dll+0x8342bd]
V  [jvm.dll+0x82e2fa]
V  [jvm.dll+0x6cf0d3]
C  [ucrtbase.dll+0x29333]
C  [KERNEL32.DLL+0x1257d]
C  [ntdll.dll+0x5af28]


siginfo: EXCEPTION_ACCESS_VIOLATION (0xc0000005), writing address 0x00000254340d57e0


Registers:
RAX=0x0000000000000001, RBX=0x0000027434de93c8, RCX=0x00000254340d57d8, RDX=0x0000000000000000
RSP=0x0000007f205fba00, RBP=0x0000000000000001, RSI=0x00000274340d53a0, RDI=0x00000274340d5788
R8 =0x0000027431828f90, R9 =0x0000000000008000, R10=0x0000007f205fe190, R11=0x0000027434de9368
R12=0x000000000000057d, R13=0x0000007f205fbbe0, R14=0x00000274340d52a0, R15=0x0000027434de9268
RIP=0x00007ff96c6f577d, EFLAGS=0x0000000000010293


Register to memory mapping:

RIP=0x00007ff96c6f577d jvm.dll
RAX=0x0000000000000001 is an unknown value
RBX=0x0000027434de93c8 points into unknown readable memory: 0x00007ff96cf249f8 | f8 49 f2 6c f9 7f 00 00
RCX=0x00000254340d57d8 is an unknown value
RDX=0x0 is NULL
RSP=0x0000007f205fba00 is pointing into the stack for thread: 0x0000027431828f90
RBP=0x0000000000000001 is an unknown value
RSI=0x00000274340d53a0 points into unknown readable memory: 0x00007ff96cee54c0 | c0 54 ee 6c f9 7f 00 00
RDI=0x00000274340d5788 points into unknown readable memory: 0x00007ff96cf5a6c0 | c0 a6 f5 6c f9 7f 00 00
R8 =0x0000027431828f90 is a thread
R9 =0x0000000000008000 is an unknown value
R10=0x0000007f205fe190 is pointing into the stack for thread: 0x0000027431828f90
R11=0x0000027434de9368 points into unknown readable memory: 0x0000027434de9268 | 68 92 de 34 74 02 00 00
R12=0x000000000000057d is an unknown value
R13=0x0000007f205fbbe0 is pointing into the stack for thread: 0x0000027431828f90
R14=0x00000274340d52a0 points into unknown readable memory: 0x00007ff96cf5a5f0 | f0 a5 f5 6c f9 7f 00 00
R15=0x0000027434de9268 points into unknown readable memory: 0x00007ff96cf249f8 | f8 49 f2 6c f9 7f 00 00


Top of Stack: (sp=0x0000007f205fba00)
0x0000007f205fba00:   0000027434de93c8 0000000000000000
0x0000007f205fba10:   0000027434de92d8 0000027434de9268
0x0000007f205fba20:   0000000000000001 000002743659be90
0x0000007f205fba30:   0000027437886da0 0000027437898810
0x0000007f205fba40:   0000027437886160 00000274318165d0
0x0000007f205fba50:   0000000000000200 0000027434d1a040
0x0000007f205fba60:   0000007f00000200 00000274318165d0
0x0000007f205fba70:   0000027436b6b6d0 0000007f205fbdf0
0x0000007f205fba80:   0000000000240338 0000027436b6df88
0x0000007f205fba90:   000002743659bef0 00007ff96c6f5221
0x0000007f205fbaa0:   0000027431801690 0000007f205fbbe0
0x0000007f205fbab0:   0000027436b65fa0 00000274318165d0
0x0000007f205fbac0:   0000000000000028 0000000000000000
0x0000007f205fbad0:   00000274366ee3a8 0000000000000000
0x0000007f205fbae0:   00007ff96cf4b2e0 00007ff96c7f70a0
0x0000007f205fbaf0:   0000007f205fe190 0000007f205fbbf0 

Instructions: (pc=0x00007ff96c6f577d)
0x00007ff96c6f567d:   c1 83 e0 0f 3c 09 0f 94 c0 84 c0 74 c6 8b c1 24
0x00007ff96c6f568d:   3f 3c 20 75 09 48 8b 47 08 48 3b 38 eb 06 83 e1
0x00007ff96c6f569d:   0f 80 f9 09 0f 94 c0 84 c0 0f 85 39 01 00 00 48
0x00007ff96c6f56ad:   8b 84 24 a0 00 00 00 b9 28 00 00 00 48 8b 04 08
0x00007ff96c6f56bd:   48 8b 88 38 05 00 00 48 8b 89 80 00 00 00 48 81
0x00007ff96c6f56cd:   c1 70 02 00 00 48 8b 59 18 48 8b 41 20 48 2b c3
0x00007ff96c6f56dd:   48 83 f8 40 72 0a 48 8d 43 40 48 89 41 18 eb 0f
0x00007ff96c6f56ed:   45 33 c0 41 8d 50 40 e8 e7 83 f9 ff 48 8b d8 48
0x00007ff96c6f56fd:   85 db 74 52 ba 02 00 00 00 48 8b cb e8 d2 6e 56
0x00007ff96c6f570d:   00 48 8b 4b 08 48 8d 05 df f2 82 00 48 89 03 c6
0x00007ff96c6f571d:   43 38 00 c7 43 2c 20 00 00 00 48 89 19 48 8b 4b
0x00007ff96c6f572d:   10 48 85 c9 74 20 8b 43 20 3b 43 24 75 11 8b d0
0x00007ff96c6f573d:   48 8b cb e8 9b 9a 56 00 8b 43 20 48 8b 4b 10 48
0x00007ff96c6f574d:   89 1c c1 ff 43 20 48 8b 43 08 48 89 78 08 48 8b
0x00007ff96c6f575d:   4f 10 48 85 c9 74 20 8b 47 20 3b 47 24 75 11 8b
0x00007ff96c6f576d:   d0 48 8b cf e8 6a 9a 56 00 8b 47 20 48 8b 4f 10
0x00007ff96c6f577d:   48 89 1c c1 ff 47 20 4c 8b 4e 08 49 8b 09 48 85
0x00007ff96c6f578d:   c9 74 26 4c 8b 41 10 4d 85 c0 74 1d 8b 41 20 49
0x00007ff96c6f579d:   8d 14 c0 48 39 72 f8 48 8d 52 f8 75 f6 ff c8 89
0x00007ff96c6f57ad:   41 20 49 8b 0c c0 48 89 0a 49 89 19 48 8b 4b 10
0x00007ff96c6f57bd:   48 85 c9 74 20 8b 43 20 3b 43 24 75 11 8b d0 48
0x00007ff96c6f57cd:   8b cb e8 0c 9a 56 00 8b 43 20 48 8b 4b 10 48 89
0x00007ff96c6f57dd:   34 c1 ff 43 20 48 8b fb 49 8b 55 48 b9 90 00 00
0x00007ff96c6f57ed:   00 e8 8d 23 f9 ff 45 33 ff 48 8b f0 48 85 c0 0f
0x00007ff96c6f57fd:   84 cf 00 00 00 49 8b 6d 48 4c 89 78 08 48 8d 05
0x00007ff96c6f580d:   cf 38 83 00 48 89 06 48 89 6e 10 c7 46 18 04 00
0x00007ff96c6f581d:   00 00 48 8b 4d 18 48 8b 45 20 48 2b c1 48 83 f8
0x00007ff96c6f582d:   20 72 0a 48 8d 41 20 48 89 45 18 eb 12 45 33 c0
0x00007ff96c6f583d:   48 8b cd 41 8d 50 20 e8 97 82 f9 ff 48 8b c8 44
0x00007ff96c6f584d:   8b 46 18 33 d2 49 c1 e0 03 48 89 4e 20 e8 53 43
0x00007ff96c6f585d:   79 00 48 8d 4e 30 44 89 7e 28 48 8b d5 e8 e1 f4
0x00007ff96c6f586d:   ff ff 4c 89 7e 48 4c 89 7e 58 4c 89 7e 60 44 89 


Stack slot to memory mapping:
stack at sp + 0 slots: 0x0000027434de93c8 points into unknown readable memory: 0x00007ff96cf249f8 | f8 49 f2 6c f9 7f 00 00
stack at sp + 1 slots: 0x0 is NULL
stack at sp + 2 slots: 0x0000027434de92d8 points into unknown readable memory: 0x00007ff96cf290e0 | e0 90 f2 6c f9 7f 00 00
stack at sp + 3 slots: 0x0000027434de9268 points into unknown readable memory: 0x00007ff96cf249f8 | f8 49 f2 6c f9 7f 00 00
stack at sp + 4 slots: 0x0000000000000001 is an unknown value
stack at sp + 5 slots: 0x000002743659be90 points into unknown readable memory: 0x00007ff96cf290f8 | f8 90 f2 6c f9 7f 00 00
stack at sp + 6 slots: 0x0000027437886da0 points into unknown readable memory: 0x0000027434de9268 | 68 92 de 34 74 02 00 00
stack at sp + 7 slots: 0x0000027437898810 points into unknown readable memory: 0x00007ff96d1a5170 | 70 51 1a 6d f9 7f 00 00


---------------  P R O C E S S  ---------------

Threads class SMR info:
_java_thread_list=0x0000027437691dc0, length=49, elements={
0x000002740c45be80, 0x000002743181b7f0, 0x000002743181c3e0, 0x000002743181d1d0,
0x000002743181ed10, 0x0000027431823760, 0x0000027431824310, 0x0000027431828f90,
0x0000027431838600, 0x000002743183d630, 0x0000027431937e20, 0x0000027431a81450,
0x0000027431836a30, 0x00000274334b0a60, 0x0000027432dbfac0, 0x0000027432fea320,
0x0000027432815840, 0x0000027432fd3180, 0x0000027432c7be90, 0x00000274334cbce0,
0x00000274334ca7a0, 0x00000274334c9d00, 0x00000274334cacf0, 0x00000274334ca250,
0x00000274334cc230, 0x00000274334cb790, 0x00000274334cb240, 0x00000274334c9260,
0x00000274334c97b0, 0x00000274349c5af0, 0x00000274349c55a0, 0x00000274349c6ae0,
0x00000274349c7030, 0x00000274349c4b00, 0x00000274349c6590, 0x00000274349c45b0,
0x00000274349c7580, 0x00000274349c4060, 0x00000274349c6040, 0x00000274349c5050,
0x00000274349fd590, 0x0000027434a01aa0, 0x00000274349ffac0, 0x0000027434a00560,
0x00000274349fbb00, 0x00000274349ff020, 0x0000027434a02540, 0x0000027434a01ff0,
0x00000274376ceb60
}

Java Threads: ( => current thread )
  0x000002740c45be80 JavaThread "main" [_thread_blocked, id=16576, stack(0x0000007f1f800000,0x0000007f1f900000)]
  0x000002743181b7f0 JavaThread "Reference Handler" daemon [_thread_blocked, id=14880, stack(0x0000007f1ff00000,0x0000007f20000000)]
  0x000002743181c3e0 JavaThread "Finalizer" daemon [_thread_blocked, id=3052, stack(0x0000007f20000000,0x0000007f20100000)]
  0x000002743181d1d0 JavaThread "Signal Dispatcher" daemon [_thread_blocked, id=16444, stack(0x0000007f20100000,0x0000007f20200000)]
  0x000002743181ed10 JavaThread "Attach Listener" daemon [_thread_blocked, id=19912, stack(0x0000007f20200000,0x0000007f20300000)]
  0x0000027431823760 JavaThread "Service Thread" daemon [_thread_blocked, id=15904, stack(0x0000007f20300000,0x0000007f20400000)]
  0x0000027431824310 JavaThread "Monitor Deflation Thread" daemon [_thread_blocked, id=20588, stack(0x0000007f20400000,0x0000007f20500000)]
=>0x0000027431828f90 JavaThread "C2 CompilerThread0" daemon [_thread_in_native, id=3348, stack(0x0000007f20500000,0x0000007f20600000)]
  0x0000027431838600 JavaThread "C1 CompilerThread0" daemon [_thread_blocked, id=3872, stack(0x0000007f20600000,0x0000007f20700000)]
  0x000002743183d630 JavaThread "Sweeper thread" daemon [_thread_blocked, id=14720, stack(0x0000007f20700000,0x0000007f20800000)]
  0x0000027431937e20 JavaThread "Common-Cleaner" daemon [_thread_blocked, id=3652, stack(0x0000007f20800000,0x0000007f20900000)]
  0x0000027431a81450 JavaThread "Notification Thread" daemon [_thread_blocked, id=16684, stack(0x0000007f20900000,0x0000007f20a00000)]
  0x0000027431836a30 JavaThread "C2 CompilerThread1" daemon [_thread_in_native, id=7232, stack(0x0000007f20b00000,0x0000007f20c00000)]
  0x00000274334b0a60 JavaThread "Daemon health stats" [_thread_blocked, id=21960, stack(0x0000007f21400000,0x0000007f21500000)]
  0x0000027432dbfac0 JavaThread "Incoming local TCP Connector on port 57681" [_thread_in_native, id=20924, stack(0x0000007f21500000,0x0000007f21600000)]
  0x0000027432fea320 JavaThread "Daemon periodic checks" [_thread_blocked, id=21408, stack(0x0000007f21600000,0x0000007f21700000)]
  0x0000027432815840 JavaThread "Daemon" [_thread_blocked, id=2320, stack(0x0000007f21700000,0x0000007f21800000)]
  0x0000027432fd3180 JavaThread "Handler for socket connection from /127.0.0.1:57681 to /127.0.0.1:57682" [_thread_in_native, id=5812, stack(0x0000007f21800000,0x0000007f21900000)]
  0x0000027432c7be90 JavaThread "Cancel handler" [_thread_blocked, id=17064, stack(0x0000007f21900000,0x0000007f21a00000)]
  0x00000274334cbce0 JavaThread "Daemon worker" [_thread_in_Java, id=21924, stack(0x0000007f21a00000,0x0000007f21b00000)]
  0x00000274334ca7a0 JavaThread "Asynchronous log dispatcher for DefaultDaemonConnection: socket connection from /127.0.0.1:57681 to /127.0.0.1:57682" [_thread_blocked, id=22500, stack(0x0000007f21b00000,0x0000007f21c00000)]
  0x00000274334c9d00 JavaThread "Stdin handler" [_thread_blocked, id=1992, stack(0x0000007f21c00000,0x0000007f21d00000)]
  0x00000274334cacf0 JavaThread "Daemon client event forwarder" [_thread_blocked, id=19268, stack(0x0000007f21d00000,0x0000007f21e00000)]
  0x00000274334ca250 JavaThread "Cache worker for journal cache (C:\Users\willh\.gradle\caches\journal-1)" [_thread_blocked, id=12404, stack(0x0000007f21e00000,0x0000007f21f00000)]
  0x00000274334cc230 JavaThread "File lock request listener" [_thread_in_native, id=9748, stack(0x0000007f21f00000,0x0000007f22000000)]
  0x00000274334cb790 JavaThread "Cache worker for file hash cache (C:\Users\willh\.gradle\caches\8.7\fileHashes)" [_thread_blocked, id=8768, stack(0x0000007f22000000,0x0000007f22100000)]
  0x00000274334cb240 JavaThread "Cache worker for file hash cache (C:\Users\willh\workspace\mods\crystal-tools-21\.gradle\8.7\fileHashes)" [_thread_blocked, id=6348, stack(0x0000007f22200000,0x0000007f22300000)]
  0x00000274334c9260 JavaThread "File watcher server" daemon [_thread_in_native, id=14292, stack(0x0000007f22300000,0x0000007f22400000)]
  0x00000274334c97b0 JavaThread "File watcher consumer" daemon [_thread_blocked, id=6784, stack(0x0000007f22400000,0x0000007f22500000)]
  0x00000274349c5af0 JavaThread "jar transforms" [_thread_blocked, id=17324, stack(0x0000007f22500000,0x0000007f22600000)]
  0x00000274349c55a0 JavaThread "jar transforms Thread 2" [_thread_blocked, id=22340, stack(0x0000007f22600000,0x0000007f22700000)]
  0x00000274349c6ae0 JavaThread "jar transforms Thread 3" [_thread_blocked, id=19932, stack(0x0000007f22700000,0x0000007f22800000)]
  0x00000274349c7030 JavaThread "jar transforms Thread 4" [_thread_blocked, id=11428, stack(0x0000007f22800000,0x0000007f22900000)]
  0x00000274349c4b00 JavaThread "jar transforms Thread 5" [_thread_blocked, id=7492, stack(0x0000007f22900000,0x0000007f22a00000)]
  0x00000274349c6590 JavaThread "jar transforms Thread 6" [_thread_blocked, id=21692, stack(0x0000007f22a00000,0x0000007f22b00000)]
  0x00000274349c45b0 JavaThread "jar transforms Thread 7" [_thread_blocked, id=21920, stack(0x0000007f22b00000,0x0000007f22c00000)]
  0x00000274349c7580 JavaThread "jar transforms Thread 8" [_thread_blocked, id=16096, stack(0x0000007f22c00000,0x0000007f22d00000)]
  0x00000274349c4060 JavaThread "Cache worker for checksums cache (C:\Users\willh\workspace\mods\crystal-tools-21\.gradle\8.7\checksums)" [_thread_blocked, id=12324, stack(0x0000007f22d00000,0x0000007f22e00000)]
  0x00000274349c6040 JavaThread "Cache worker for cache directory md-supplier (C:\Users\willh\.gradle\caches\8.7\md-supplier)" [_thread_blocked, id=21576, stack(0x0000007f22e00000,0x0000007f22f00000)]
  0x00000274349c5050 JavaThread "Cache worker for cache directory md-rule (C:\Users\willh\.gradle\caches\8.7\md-rule)" [_thread_blocked, id=14568, stack(0x0000007f22f00000,0x0000007f23000000)]
  0x00000274349fd590 JavaThread "Cache worker for file content cache (C:\Users\willh\.gradle\caches\8.7\fileContent)" [_thread_blocked, id=17360, stack(0x0000007f23000000,0x0000007f23100000)]
  0x0000027434a01aa0 JavaThread "Unconstrained build operations" [_thread_blocked, id=12304, stack(0x0000007f23100000,0x0000007f23200000)]
  0x00000274349ffac0 JavaThread "Unconstrained build operations Thread 2" [_thread_blocked, id=21288, stack(0x0000007f23200000,0x0000007f23300000)]
  0x0000027434a00560 JavaThread "Unconstrained build operations Thread 3" [_thread_blocked, id=14164, stack(0x0000007f23300000,0x0000007f23400000)]
  0x00000274349fbb00 JavaThread "Unconstrained build operations Thread 4" [_thread_blocked, id=6616, stack(0x0000007f23400000,0x0000007f23500000)]
  0x00000274349ff020 JavaThread "Unconstrained build operations Thread 5" [_thread_blocked, id=10156, stack(0x0000007f23500000,0x0000007f23600000)]
  0x0000027434a02540 JavaThread "Unconstrained build operations Thread 6" [_thread_blocked, id=10456, stack(0x0000007f23600000,0x0000007f23700000)]
  0x0000027434a01ff0 JavaThread "Unconstrained build operations Thread 7" [_thread_blocked, id=10364, stack(0x0000007f23700000,0x0000007f23800000)]
  0x00000274376ceb60 JavaThread "C2 CompilerThread2" daemon [_thread_in_native, id=16836, stack(0x0000007f20c00000,0x0000007f20d00000)]

Other Threads:
  0x000002742d5eebc0 VMThread "VM Thread" [stack: 0x0000007f1fe00000,0x0000007f1ff00000] [id=2812]
  0x000002740c45cd60 WatcherThread "VM Periodic Task Thread" [stack: 0x0000007f20a00000,0x0000007f20b00000] [id=20068]
  0x000002740c4b8fb0 WorkerThread "GC Thread#0" [stack: 0x0000007f1f900000,0x0000007f1fa00000] [id=4780]
  0x00000274326bac10 WorkerThread "GC Thread#1" [stack: 0x0000007f20d00000,0x0000007f20e00000] [id=12108]
  0x000002743203d630 WorkerThread "GC Thread#2" [stack: 0x0000007f20e00000,0x0000007f20f00000] [id=8236]
  0x000002743203d900 WorkerThread "GC Thread#3" [stack: 0x0000007f20f00000,0x0000007f21000000] [id=2112]
  0x000002743254e120 WorkerThread "GC Thread#4" [stack: 0x0000007f21000000,0x0000007f21100000] [id=15824]
  0x000002743254ec60 WorkerThread "GC Thread#5" [stack: 0x0000007f21100000,0x0000007f21200000] [id=6420]
  0x000002743254de50 WorkerThread "GC Thread#6" [stack: 0x0000007f21200000,0x0000007f21300000] [id=21492]
  0x000002743254e3f0 WorkerThread "GC Thread#7" [stack: 0x0000007f21300000,0x0000007f21400000] [id=9332]
  0x000002740c4c5f10 ConcurrentGCThread "G1 Main Marker" [stack: 0x0000007f1fa00000,0x0000007f1fb00000] [id=16568]
  0x000002740c4c6ae0 WorkerThread "G1 Conc#0" [stack: 0x0000007f1fb00000,0x0000007f1fc00000] [id=19596]
  0x0000027433bb6740 WorkerThread "G1 Conc#1" [stack: 0x0000007f22100000,0x0000007f22200000] [id=5104]
  0x000002742d4aea50 ConcurrentGCThread "G1 Refine#0" [stack: 0x0000007f1fc00000,0x0000007f1fd00000] [id=13428]
  0x000002742d4af3a0 ConcurrentGCThread "G1 Service" [stack: 0x0000007f1fd00000,0x0000007f1fe00000] [id=3952]

Threads with active compile tasks:
C2 CompilerThread0     4395 5013   !   4       java.net.URLClassLoader::findClass (47 bytes)
C1 CompilerThread0     4395 5151       3       groovyjarjarantlr4.v4.runtime.atn.LexerATNSimulator::closure (258 bytes)
C2 CompilerThread1     4395 5039       4       java.net.URLClassLoader$1::run (5 bytes)
C2 CompilerThread2     4395 5040   !   4       java.net.URLClassLoader$1::run (81 bytes)

VM state: not at safepoint (normal execution)

VM Mutex/Monitor currently owned by a thread: None

Heap address: 0x0000000740000000, size: 3072 MB, Compressed Oops mode: Zero based, Oop shift amount: 3

CDS archive(s) mapped at: [0x0000000800000000-0x0000000800c40000-0x0000000800c40000), size 12845056, SharedBaseAddress: 0x0000000800000000, ArchiveRelocationMode: 0.
Compressed class space mapped at: 0x0000000801000000-0x0000000841000000, reserved size: 1073741824
Narrow klass base: 0x0000000800000000, Narrow klass shift: 0, Narrow klass range: 0x100000000

GC Precious Log:
 CardTable entry size: 512
 Card Set container configuration: InlinePtr #cards 4 size 8 Array Of Cards #cards 16 size 48 Howl #buckets 8 coarsen threshold 3686 Howl Bitmap #cards 512 size 80 coarsen threshold 460 Card regions per heap region 1 cards per card region 4096
 CPUs: 8 total, 8 available
 Memory: 32706M
 Large Page Support: Disabled
 NUMA Support: Disabled
 Compressed Oops: Enabled (Zero based)
 Heap Region Size: 2M
 Heap Min Capacity: 8M
 Heap Initial Capacity: 512M
 Heap Max Capacity: 3G
 Pre-touch: Disabled
 Parallel Workers: 8
 Concurrent Workers: 2
 Concurrent Refinement Workers: 8
 Periodic GC: Disabled

Heap:
 garbage-first heap   total 311296K, used 145073K [0x0000000740000000, 0x0000000800000000)
  region size 2048K, 42 young (86016K), 1 survivors (2048K)
 Metaspace       used 47406K, committed 48896K, reserved 1114112K
  class space    used 6648K, committed 7424K, reserved 1048576K

Heap Regions: E=young(eden), S=young(survivor), O=old, HS=humongous(starts), HC=humongous(continues), CS=collection set, F=free, OA=open archive, CA=closed archive, TAMS=top-at-mark-start (previous, next)
|   0|0x0000000740000000, 0x0000000740200000, 0x0000000740200000|100%|HS|  |TAMS 0x0000000740200000, 0x0000000740000000| Complete 
|   1|0x0000000740200000, 0x0000000740400000, 0x0000000740400000|100%|HC|  |TAMS 0x0000000740400000, 0x0000000740200000| Complete 
|   2|0x0000000740400000, 0x0000000740600000, 0x0000000740600000|100%| O|  |TAMS 0x0000000740600000, 0x0000000740400000| Untracked 
|   3|0x0000000740600000, 0x0000000740800000, 0x0000000740800000|100%| O|  |TAMS 0x0000000740800000, 0x0000000740600000| Untracked 
|   4|0x0000000740800000, 0x0000000740a00000, 0x0000000740a00000|100%| O|  |TAMS 0x0000000740a00000, 0x0000000740800000| Untracked 
|   5|0x0000000740a00000, 0x0000000740a00000, 0x0000000740c00000|  0%| F|  |TAMS 0x0000000740a00000, 0x0000000740a00000| Untracked 
|   6|0x0000000740c00000, 0x0000000740e00000, 0x0000000740e00000|100%|HS|  |TAMS 0x0000000740e00000, 0x0000000740c00000| Complete 
|   7|0x0000000740e00000, 0x0000000741000000, 0x0000000741000000|100%|HC|  |TAMS 0x0000000741000000, 0x0000000740e00000| Complete 
|   8|0x0000000741000000, 0x0000000741200000, 0x0000000741200000|100%|HC|  |TAMS 0x0000000741200000, 0x0000000741000000| Complete 
|   9|0x0000000741200000, 0x0000000741400000, 0x0000000741400000|100%|HS|  |TAMS 0x0000000741400000, 0x0000000741200000| Complete 
|  10|0x0000000741400000, 0x0000000741600000, 0x0000000741600000|100%|HC|  |TAMS 0x0000000741600000, 0x0000000741400000| Complete 
|  11|0x0000000741600000, 0x0000000741800000, 0x0000000741800000|100%|HS|  |TAMS 0x0000000741800000, 0x0000000741600000| Complete 
|  12|0x0000000741800000, 0x0000000741a00000, 0x0000000741a00000|100%|HC|  |TAMS 0x0000000741a00000, 0x0000000741800000| Complete 
|  13|0x0000000741a00000, 0x0000000741c00000, 0x0000000741c00000|100%| O|  |TAMS 0x0000000741c00000, 0x0000000741a00000| Untracked 
|  14|0x0000000741c00000, 0x0000000741e00000, 0x0000000741e00000|100%| O|  |TAMS 0x0000000741e00000, 0x0000000741c00000| Untracked 
|  15|0x0000000741e00000, 0x0000000742000000, 0x0000000742000000|100%| O|  |TAMS 0x0000000742000000, 0x0000000741e00000| Untracked 
|  16|0x0000000742000000, 0x0000000742000000, 0x0000000742200000|  0%| F|  |TAMS 0x0000000742000000, 0x0000000742000000| Untracked 
|  17|0x0000000742200000, 0x0000000742400000, 0x0000000742400000|100%| O|  |TAMS 0x0000000742200000, 0x0000000742200000| Untracked 
|  18|0x0000000742400000, 0x0000000742600000, 0x0000000742600000|100%| O|  |TAMS 0x0000000742600000, 0x0000000742400000| Untracked 
|  19|0x0000000742600000, 0x0000000742600000, 0x0000000742800000|  0%| F|  |TAMS 0x0000000742600000, 0x0000000742600000| Untracked 
|  20|0x0000000742800000, 0x0000000742a00000, 0x0000000742a00000|100%| O|  |TAMS 0x0000000742823e00, 0x0000000742800000| Untracked 
|  21|0x0000000742a00000, 0x0000000742c00000, 0x0000000742c00000|100%| O|  |TAMS 0x0000000742a00000, 0x0000000742a00000| Untracked 
|  22|0x0000000742c00000, 0x0000000742e00000, 0x0000000742e00000|100%| O|  |TAMS 0x0000000742c00000, 0x0000000742c00000| Untracked 
|  23|0x0000000742e00000, 0x0000000742e3d400, 0x0000000743000000| 11%| O|  |TAMS 0x0000000742e00000, 0x0000000742e00000| Untracked 
|  24|0x0000000743000000, 0x0000000743200000, 0x0000000743200000|100%|HS|  |TAMS 0x0000000743000000, 0x0000000743000000| Complete 
|  25|0x0000000743200000, 0x0000000743400000, 0x0000000743400000|100%|HC|  |TAMS 0x0000000743200000, 0x0000000743200000| Complete 
|  26|0x0000000743400000, 0x0000000743600000, 0x0000000743600000|100%|HC|  |TAMS 0x0000000743400000, 0x0000000743400000| Complete 
|  27|0x0000000743600000, 0x0000000743800000, 0x0000000743800000|100%|HS|  |TAMS 0x0000000743600000, 0x0000000743600000| Complete 
|  28|0x0000000743800000, 0x0000000743a00000, 0x0000000743a00000|100%|HC|  |TAMS 0x0000000743800000, 0x0000000743800000| Complete 
|  29|0x0000000743a00000, 0x0000000743c00000, 0x0000000743c00000|100%|HS|  |TAMS 0x0000000743a00000, 0x0000000743a00000| Complete 
|  30|0x0000000743c00000, 0x0000000743e00000, 0x0000000743e00000|100%|HC|  |TAMS 0x0000000743c00000, 0x0000000743c00000| Complete 
|  31|0x0000000743e00000, 0x0000000744000000, 0x0000000744000000|100%|HC|  |TAMS 0x0000000743e00000, 0x0000000743e00000| Complete 
|  32|0x0000000744000000, 0x0000000744000000, 0x0000000744200000|  0%| F|  |TAMS 0x0000000744000000, 0x0000000744000000| Untracked 
|  33|0x0000000744200000, 0x0000000744200000, 0x0000000744400000|  0%| F|  |TAMS 0x0000000744200000, 0x0000000744200000| Untracked 
|  34|0x0000000744400000, 0x0000000744400000, 0x0000000744600000|  0%| F|  |TAMS 0x0000000744400000, 0x0000000744400000| Untracked 
|  35|0x0000000744600000, 0x0000000744600000, 0x0000000744800000|  0%| F|  |TAMS 0x0000000744600000, 0x0000000744600000| Untracked 
|  36|0x0000000744800000, 0x0000000744800000, 0x0000000744a00000|  0%| F|  |TAMS 0x0000000744800000, 0x0000000744800000| Untracked 
|  37|0x0000000744a00000, 0x0000000744a00000, 0x0000000744c00000|  0%| F|  |TAMS 0x0000000744a00000, 0x0000000744a00000| Untracked 
|  38|0x0000000744c00000, 0x0000000744c00000, 0x0000000744e00000|  0%| F|  |TAMS 0x0000000744c00000, 0x0000000744c00000| Untracked 
|  39|0x0000000744e00000, 0x0000000744e00000, 0x0000000745000000|  0%| F|  |TAMS 0x0000000744e00000, 0x0000000744e00000| Untracked 
|  40|0x0000000745000000, 0x0000000745000000, 0x0000000745200000|  0%| F|  |TAMS 0x0000000745000000, 0x0000000745000000| Untracked 
|  41|0x0000000745200000, 0x0000000745200000, 0x0000000745400000|  0%| F|  |TAMS 0x0000000745200000, 0x0000000745200000| Untracked 
|  42|0x0000000745400000, 0x0000000745400000, 0x0000000745600000|  0%| F|  |TAMS 0x0000000745400000, 0x0000000745400000| Untracked 
|  43|0x0000000745600000, 0x0000000745600000, 0x0000000745800000|  0%| F|  |TAMS 0x0000000745600000, 0x0000000745600000| Untracked 
|  44|0x0000000745800000, 0x0000000745800000, 0x0000000745a00000|  0%| F|  |TAMS 0x0000000745800000, 0x0000000745800000| Untracked 
|  45|0x0000000745a00000, 0x0000000745a00000, 0x0000000745c00000|  0%| F|  |TAMS 0x0000000745a00000, 0x0000000745a00000| Untracked 
|  46|0x0000000745c00000, 0x0000000745c00000, 0x0000000745e00000|  0%| F|  |TAMS 0x0000000745c00000, 0x0000000745c00000| Untracked 
|  47|0x0000000745e00000, 0x0000000745e00000, 0x0000000746000000|  0%| F|  |TAMS 0x0000000745e00000, 0x0000000745e00000| Untracked 
|  48|0x0000000746000000, 0x0000000746000000, 0x0000000746200000|  0%| F|  |TAMS 0x0000000746000000, 0x0000000746000000| Untracked 
|  49|0x0000000746200000, 0x0000000746200000, 0x0000000746400000|  0%| F|  |TAMS 0x0000000746200000, 0x0000000746200000| Untracked 
|  50|0x0000000746400000, 0x0000000746400000, 0x0000000746600000|  0%| F|  |TAMS 0x0000000746400000, 0x0000000746400000| Untracked 
|  51|0x0000000746600000, 0x0000000746600000, 0x0000000746800000|  0%| F|  |TAMS 0x0000000746600000, 0x0000000746600000| Untracked 
|  52|0x0000000746800000, 0x0000000746800000, 0x0000000746a00000|  0%| F|  |TAMS 0x0000000746800000, 0x0000000746800000| Untracked 
|  53|0x0000000746a00000, 0x0000000746a00000, 0x0000000746c00000|  0%| F|  |TAMS 0x0000000746a00000, 0x0000000746a00000| Untracked 
|  54|0x0000000746c00000, 0x0000000746c00000, 0x0000000746e00000|  0%| F|  |TAMS 0x0000000746c00000, 0x0000000746c00000| Untracked 
|  55|0x0000000746e00000, 0x0000000746e00000, 0x0000000747000000|  0%| F|  |TAMS 0x0000000746e00000, 0x0000000746e00000| Untracked 
|  56|0x0000000747000000, 0x0000000747000000, 0x0000000747200000|  0%| F|  |TAMS 0x0000000747000000, 0x0000000747000000| Untracked 
|  57|0x0000000747200000, 0x0000000747200000, 0x0000000747400000|  0%| F|  |TAMS 0x0000000747200000, 0x0000000747200000| Untracked 
|  58|0x0000000747400000, 0x0000000747400000, 0x0000000747600000|  0%| F|  |TAMS 0x0000000747400000, 0x0000000747400000| Untracked 
|  59|0x0000000747600000, 0x0000000747600000, 0x0000000747800000|  0%| F|  |TAMS 0x0000000747600000, 0x0000000747600000| Untracked 
|  60|0x0000000747800000, 0x0000000747800000, 0x0000000747a00000|  0%| F|  |TAMS 0x0000000747800000, 0x0000000747800000| Untracked 
|  61|0x0000000747a00000, 0x0000000747a00000, 0x0000000747c00000|  0%| F|  |TAMS 0x0000000747a00000, 0x0000000747a00000| Untracked 
|  62|0x0000000747c00000, 0x0000000747c00000, 0x0000000747e00000|  0%| F|  |TAMS 0x0000000747c00000, 0x0000000747c00000| Untracked 
|  63|0x0000000747e00000, 0x0000000747e00000, 0x0000000748000000|  0%| F|  |TAMS 0x0000000747e00000, 0x0000000747e00000| Untracked 
|  64|0x0000000748000000, 0x0000000748000000, 0x0000000748200000|  0%| F|  |TAMS 0x0000000748000000, 0x0000000748000000| Untracked 
|  65|0x0000000748200000, 0x0000000748200000, 0x0000000748400000|  0%| F|  |TAMS 0x0000000748200000, 0x0000000748200000| Untracked 
|  66|0x0000000748400000, 0x0000000748400000, 0x0000000748600000|  0%| F|  |TAMS 0x0000000748400000, 0x0000000748400000| Untracked 
|  67|0x0000000748600000, 0x0000000748600000, 0x0000000748800000|  0%| F|  |TAMS 0x0000000748600000, 0x0000000748600000| Untracked 
|  68|0x0000000748800000, 0x0000000748800000, 0x0000000748a00000|  0%| F|  |TAMS 0x0000000748800000, 0x0000000748800000| Untracked 
|  69|0x0000000748a00000, 0x0000000748a00000, 0x0000000748c00000|  0%| F|  |TAMS 0x0000000748a00000, 0x0000000748a00000| Untracked 
|  70|0x0000000748c00000, 0x0000000748c00000, 0x0000000748e00000|  0%| F|  |TAMS 0x0000000748c00000, 0x0000000748c00000| Untracked 
|  71|0x0000000748e00000, 0x0000000748e00000, 0x0000000749000000|  0%| F|  |TAMS 0x0000000748e00000, 0x0000000748e00000| Untracked 
|  72|0x0000000749000000, 0x0000000749000000, 0x0000000749200000|  0%| F|  |TAMS 0x0000000749000000, 0x0000000749000000| Untracked 
|  73|0x0000000749200000, 0x0000000749200000, 0x0000000749400000|  0%| F|  |TAMS 0x0000000749200000, 0x0000000749200000| Untracked 
|  74|0x0000000749400000, 0x0000000749400000, 0x0000000749600000|  0%| F|  |TAMS 0x0000000749400000, 0x0000000749400000| Untracked 
|  75|0x0000000749600000, 0x0000000749600000, 0x0000000749800000|  0%| F|  |TAMS 0x0000000749600000, 0x0000000749600000| Untracked 
|  76|0x0000000749800000, 0x0000000749800000, 0x0000000749a00000|  0%| F|  |TAMS 0x0000000749800000, 0x0000000749800000| Untracked 
|  77|0x0000000749a00000, 0x0000000749a00000, 0x0000000749c00000|  0%| F|  |TAMS 0x0000000749a00000, 0x0000000749a00000| Untracked 
|  78|0x0000000749c00000, 0x0000000749c00000, 0x0000000749e00000|  0%| F|  |TAMS 0x0000000749c00000, 0x0000000749c00000| Untracked 
|  79|0x0000000749e00000, 0x0000000749e00000, 0x000000074a000000|  0%| F|  |TAMS 0x0000000749e00000, 0x0000000749e00000| Untracked 
|  80|0x000000074a000000, 0x000000074a000000, 0x000000074a200000|  0%| F|  |TAMS 0x000000074a000000, 0x000000074a000000| Untracked 
|  81|0x000000074a200000, 0x000000074a200000, 0x000000074a400000|  0%| F|  |TAMS 0x000000074a200000, 0x000000074a200000| Untracked 
|  82|0x000000074a400000, 0x000000074a400000, 0x000000074a600000|  0%| F|  |TAMS 0x000000074a400000, 0x000000074a400000| Untracked 
|  83|0x000000074a600000, 0x000000074a600000, 0x000000074a800000|  0%| F|  |TAMS 0x000000074a600000, 0x000000074a600000| Untracked 
|  84|0x000000074a800000, 0x000000074a800000, 0x000000074aa00000|  0%| F|  |TAMS 0x000000074a800000, 0x000000074a800000| Untracked 
|  85|0x000000074aa00000, 0x000000074aa00000, 0x000000074ac00000|  0%| F|  |TAMS 0x000000074aa00000, 0x000000074aa00000| Untracked 
|  86|0x000000074ac00000, 0x000000074ac00000, 0x000000074ae00000|  0%| F|  |TAMS 0x000000074ac00000, 0x000000074ac00000| Untracked 
|  87|0x000000074ae00000, 0x000000074ae00000, 0x000000074b000000|  0%| F|  |TAMS 0x000000074ae00000, 0x000000074ae00000| Untracked 
|  88|0x000000074b000000, 0x000000074b000000, 0x000000074b200000|  0%| F|  |TAMS 0x000000074b000000, 0x000000074b000000| Untracked 
|  89|0x000000074b200000, 0x000000074b200000, 0x000000074b400000|  0%| F|  |TAMS 0x000000074b200000, 0x000000074b200000| Untracked 
|  90|0x000000074b400000, 0x000000074b400000, 0x000000074b600000|  0%| F|  |TAMS 0x000000074b400000, 0x000000074b400000| Untracked 
|  91|0x000000074b600000, 0x000000074b600000, 0x000000074b800000|  0%| F|  |TAMS 0x000000074b600000, 0x000000074b600000| Untracked 
|  92|0x000000074b800000, 0x000000074b800000, 0x000000074ba00000|  0%| F|  |TAMS 0x000000074b800000, 0x000000074b800000| Untracked 
|  93|0x000000074ba00000, 0x000000074ba00000, 0x000000074bc00000|  0%| F|  |TAMS 0x000000074ba00000, 0x000000074ba00000| Untracked 
|  94|0x000000074bc00000, 0x000000074bc00000, 0x000000074be00000|  0%| F|  |TAMS 0x000000074bc00000, 0x000000074bc00000| Untracked 
|  95|0x000000074be00000, 0x000000074be00000, 0x000000074c000000|  0%| F|  |TAMS 0x000000074be00000, 0x000000074be00000| Untracked 
|  96|0x000000074c000000, 0x000000074c000000, 0x000000074c200000|  0%| F|  |TAMS 0x000000074c000000, 0x000000074c000000| Untracked 
|  97|0x000000074c200000, 0x000000074c200000, 0x000000074c400000|  0%| F|  |TAMS 0x000000074c200000, 0x000000074c200000| Untracked 
|  98|0x000000074c400000, 0x000000074c400000, 0x000000074c600000|  0%| F|  |TAMS 0x000000074c400000, 0x000000074c400000| Untracked 
|  99|0x000000074c600000, 0x000000074c600000, 0x000000074c800000|  0%| F|  |TAMS 0x000000074c600000, 0x000000074c600000| Untracked 
| 100|0x000000074c800000, 0x000000074c800000, 0x000000074ca00000|  0%| F|  |TAMS 0x000000074c800000, 0x000000074c800000| Untracked 
| 101|0x000000074ca00000, 0x000000074ca00000, 0x000000074cc00000|  0%| F|  |TAMS 0x000000074ca00000, 0x000000074ca00000| Untracked 
| 102|0x000000074cc00000, 0x000000074cc00000, 0x000000074ce00000|  0%| F|  |TAMS 0x000000074cc00000, 0x000000074cc00000| Untracked 
| 103|0x000000074ce00000, 0x000000074ce00000, 0x000000074d000000|  0%| F|  |TAMS 0x000000074ce00000, 0x000000074ce00000| Untracked 
| 104|0x000000074d000000, 0x000000074d000000, 0x000000074d200000|  0%| F|  |TAMS 0x000000074d000000, 0x000000074d000000| Untracked 
| 105|0x000000074d200000, 0x000000074d200000, 0x000000074d400000|  0%| F|  |TAMS 0x000000074d200000, 0x000000074d200000| Untracked 
| 106|0x000000074d400000, 0x000000074d400000, 0x000000074d600000|  0%| F|  |TAMS 0x000000074d400000, 0x000000074d400000| Untracked 
| 107|0x000000074d600000, 0x000000074d638d50, 0x000000074d800000| 11%| E|  |TAMS 0x000000074d600000, 0x000000074d600000| Complete 
| 108|0x000000074d800000, 0x000000074da00000, 0x000000074da00000|100%| E|CS|TAMS 0x000000074d800000, 0x000000074d800000| Complete 
| 109|0x000000074da00000, 0x000000074dc00000, 0x000000074dc00000|100%| E|CS|TAMS 0x000000074da00000, 0x000000074da00000| Complete 
| 110|0x000000074dc00000, 0x000000074de00000, 0x000000074de00000|100%| E|CS|TAMS 0x000000074dc00000, 0x000000074dc00000| Complete 
| 111|0x000000074de00000, 0x000000074e000000, 0x000000074e000000|100%| E|CS|TAMS 0x000000074de00000, 0x000000074de00000| Complete 
| 112|0x000000074e000000, 0x000000074e200000, 0x000000074e200000|100%| E|CS|TAMS 0x000000074e000000, 0x000000074e000000| Complete 
| 113|0x000000074e200000, 0x000000074e400000, 0x000000074e400000|100%| E|CS|TAMS 0x000000074e200000, 0x000000074e200000| Complete 
| 114|0x000000074e400000, 0x000000074e600000, 0x000000074e600000|100%| E|CS|TAMS 0x000000074e400000, 0x000000074e400000| Complete 
| 115|0x000000074e600000, 0x000000074e800000, 0x000000074e800000|100%| E|  |TAMS 0x000000074e600000, 0x000000074e600000| Complete 
| 116|0x000000074e800000, 0x000000074ea00000, 0x000000074ea00000|100%| E|CS|TAMS 0x000000074e800000, 0x000000074e800000| Complete 
| 117|0x000000074ea00000, 0x000000074ec00000, 0x000000074ec00000|100%| E|CS|TAMS 0x000000074ea00000, 0x000000074ea00000| Complete 
| 118|0x000000074ec00000, 0x000000074ee00000, 0x000000074ee00000|100%| E|CS|TAMS 0x000000074ec00000, 0x000000074ec00000| Complete 
| 119|0x000000074ee00000, 0x000000074f000000, 0x000000074f000000|100%| E|CS|TAMS 0x000000074ee00000, 0x000000074ee00000| Complete 
| 120|0x000000074f000000, 0x000000074f200000, 0x000000074f200000|100%| E|CS|TAMS 0x000000074f000000, 0x000000074f000000| Complete 
| 121|0x000000074f200000, 0x000000074f400000, 0x000000074f400000|100%| E|CS|TAMS 0x000000074f200000, 0x000000074f200000| Complete 
| 122|0x000000074f400000, 0x000000074f600000, 0x000000074f600000|100%| E|CS|TAMS 0x000000074f400000, 0x000000074f400000| Complete 
| 123|0x000000074f600000, 0x000000074f800000, 0x000000074f800000|100%| E|CS|TAMS 0x000000074f600000, 0x000000074f600000| Complete 
| 124|0x000000074f800000, 0x000000074fa00000, 0x000000074fa00000|100%| E|CS|TAMS 0x000000074f800000, 0x000000074f800000| Complete 
| 125|0x000000074fa00000, 0x000000074fc00000, 0x000000074fc00000|100%| E|CS|TAMS 0x000000074fa00000, 0x000000074fa00000| Complete 
| 126|0x000000074fc00000, 0x000000074fe00000, 0x000000074fe00000|100%| E|CS|TAMS 0x000000074fc00000, 0x000000074fc00000| Complete 
| 127|0x000000074fe00000, 0x0000000750000000, 0x0000000750000000|100%| E|CS|TAMS 0x000000074fe00000, 0x000000074fe00000| Complete 
| 128|0x0000000750000000, 0x0000000750200000, 0x0000000750200000|100%| E|CS|TAMS 0x0000000750000000, 0x0000000750000000| Complete 
| 129|0x0000000750200000, 0x0000000750400000, 0x0000000750400000|100%| E|CS|TAMS 0x0000000750200000, 0x0000000750200000| Complete 
| 130|0x0000000750400000, 0x0000000750600000, 0x0000000750600000|100%| E|CS|TAMS 0x0000000750400000, 0x0000000750400000| Complete 
| 131|0x0000000750600000, 0x0000000750800000, 0x0000000750800000|100%| E|CS|TAMS 0x0000000750600000, 0x0000000750600000| Complete 
| 132|0x0000000750800000, 0x0000000750a00000, 0x0000000750a00000|100%| E|CS|TAMS 0x0000000750800000, 0x0000000750800000| Complete 
| 133|0x0000000750a00000, 0x0000000750c00000, 0x0000000750c00000|100%| E|CS|TAMS 0x0000000750a00000, 0x0000000750a00000| Complete 
| 134|0x0000000750c00000, 0x0000000750e00000, 0x0000000750e00000|100%| E|CS|TAMS 0x0000000750c00000, 0x0000000750c00000| Complete 
| 135|0x0000000750e00000, 0x0000000751000000, 0x0000000751000000|100%| E|CS|TAMS 0x0000000750e00000, 0x0000000750e00000| Complete 
| 136|0x0000000751000000, 0x0000000751200000, 0x0000000751200000|100%| E|CS|TAMS 0x0000000751000000, 0x0000000751000000| Complete 
| 137|0x0000000751200000, 0x0000000751400000, 0x0000000751400000|100%| E|CS|TAMS 0x0000000751200000, 0x0000000751200000| Complete 
| 138|0x0000000751400000, 0x0000000751600000, 0x0000000751600000|100%| E|CS|TAMS 0x0000000751400000, 0x0000000751400000| Complete 
| 139|0x0000000751600000, 0x0000000751800000, 0x0000000751800000|100%| E|CS|TAMS 0x0000000751600000, 0x0000000751600000| Complete 
| 140|0x0000000751800000, 0x0000000751a00000, 0x0000000751a00000|100%| E|CS|TAMS 0x0000000751800000, 0x0000000751800000| Complete 
| 141|0x0000000751a00000, 0x0000000751c00000, 0x0000000751c00000|100%| E|CS|TAMS 0x0000000751a00000, 0x0000000751a00000| Complete 
| 195|0x0000000758600000, 0x0000000758800000, 0x0000000758800000|100%| E|CS|TAMS 0x0000000758600000, 0x0000000758600000| Complete 
| 196|0x0000000758800000, 0x0000000758a00000, 0x0000000758a00000|100%| E|CS|TAMS 0x0000000758800000, 0x0000000758800000| Complete 
| 197|0x0000000758a00000, 0x0000000758b6f0c0, 0x0000000758c00000| 71%| S|CS|TAMS 0x0000000758a00000, 0x0000000758a00000| Complete 
| 198|0x0000000758c00000, 0x0000000758e00000, 0x0000000758e00000|100%| E|CS|TAMS 0x0000000758c00000, 0x0000000758c00000| Complete 
| 199|0x0000000758e00000, 0x0000000759000000, 0x0000000759000000|100%| E|CS|TAMS 0x0000000758e00000, 0x0000000758e00000| Complete 
| 200|0x0000000759000000, 0x0000000759200000, 0x0000000759200000|100%| E|CS|TAMS 0x0000000759000000, 0x0000000759000000| Complete 
| 255|0x000000075fe00000, 0x0000000760000000, 0x0000000760000000|100%| E|CS|TAMS 0x000000075fe00000, 0x000000075fe00000| Complete 
|1533|0x00000007ffa00000, 0x00000007ffc00000, 0x00000007ffc00000|100%| O|  |TAMS 0x00000007ffc00000, 0x00000007ffa00000| Untracked 
|1534|0x00000007ffc00000, 0x00000007ffe00000, 0x00000007ffe00000|100%| O|  |TAMS 0x00000007ffe00000, 0x00000007ffc00000| Untracked 
|1535|0x00000007ffe00000, 0x0000000800000000, 0x0000000800000000|100%| O|  |TAMS 0x0000000800000000, 0x00000007ffe00000| Untracked 

Card table byte_map: [0x0000027423f70000,0x0000027424570000] _byte_map_base: 0x0000027420570000

Marking Bits (Prev, Next): (CMBitMap*) 0x000002740c4b95e0, (CMBitMap*) 0x000002740c4b9620
 Prev Bits: [0x0000027424b70000, 0x0000027427b70000)
 Next Bits: [0x0000027427b70000, 0x000002742ab70000)

Polling page: 0x000002740a3b0000

Metaspace:

Usage:
  Non-class:     39.83 MB used.
      Class:      6.49 MB used.
       Both:     46.32 MB used.

Virtual space:
  Non-class space:       64.00 MB reserved,      40.50 MB ( 63%) committed,  1 nodes.
      Class space:        1.00 GB reserved,       7.25 MB ( <1%) committed,  1 nodes.
             Both:        1.06 GB reserved,      47.75 MB (  4%) committed. 

Chunk freelists:
   Non-Class:  3.34 MB
       Class:  672.00 KB
        Both:  4.00 MB

MaxMetaspaceSize: unlimited
CompressedClassSpaceSize: 1.00 GB
Initial GC threshold: 21.00 MB
Current GC threshold: 58.88 MB
CDS: on
MetaspaceReclaimPolicy: balanced
 - commit_granule_bytes: 65536.
 - commit_granule_words: 8192.
 - virtual_space_node_default_size: 8388608.
 - enlarge_chunks_in_place: 1.
 - new_chunks_are_fully_committed: 0.
 - uncommit_free_chunks: 1.
 - use_allocation_guard: 0.


Internal statistics:

num_allocs_failed_limit: 6.
num_arena_births: 2518.
num_arena_deaths: 0.
num_vsnodes_births: 2.
num_vsnodes_deaths: 0.
num_space_committed: 764.
num_space_uncommitted: 0.
num_chunks_returned_to_freelist: 6.
num_chunks_taken_from_freelist: 4748.
num_chunk_merges: 6.
num_chunk_splits: 3052.
num_chunks_enlarged: 1834.
num_inconsistent_stats: 0.

CodeHeap 'non-profiled nmethods': size=120000Kb used=2249Kb max_used=2906Kb free=117750Kb
 bounds [0x000002741c110000, 0x000002741c3f0000, 0x0000027423640000]
CodeHeap 'profiled nmethods': size=120000Kb used=8393Kb max_used=9732Kb free=111606Kb
 bounds [0x0000027414640000, 0x0000027414fd0000, 0x000002741bb70000]
CodeHeap 'non-nmethods': size=5760Kb used=2415Kb max_used=2438Kb free=3345Kb
 bounds [0x000002741bb70000, 0x000002741bde0000, 0x000002741c110000]
 total_blobs=5178 nmethods=4332 adapters=756
 compilation: enabled
              stopped_count=0, restarted_count=0
 full_count=0

Compilation events (20 events):
Event: 4.241 Thread 0x0000027431838600 nmethod 5027 0x00000274149f9f10 code [0x00000274149fa160, 0x00000274149faae8]
Event: 4.241 Thread 0x0000027431838600 5029   !   3       java.io.BufferedOutputStream::write (73 bytes)
Event: 4.242 Thread 0x0000027431838600 nmethod 5029 0x0000027414683f90 code [0x0000027414684220, 0x0000027414684ef8]
Event: 4.242 Thread 0x0000027431838600 5030       3       java.io.BufferedOutputStream::implWrite (71 bytes)
Event: 4.242 Thread 0x0000027431838600 nmethod 5030 0x0000027414a95910 code [0x0000027414a95b20, 0x0000027414a96208]
Event: 4.242 Thread 0x0000027431838600 5028       3       com.google.common.io.CountingOutputStream::write (22 bytes)
Event: 4.242 Thread 0x0000027431838600 nmethod 5028 0x0000027414b8fd10 code [0x0000027414b8fec0, 0x0000027414b900c8]
Event: 4.242 Thread 0x0000027431838600 5031       3       java.io.DataOutputStream::writeLong (118 bytes)
Event: 4.242 Thread 0x0000027431838600 nmethod 5031 0x0000027414bc9f90 code [0x0000027414bca160, 0x0000027414bca588]
Event: 4.257 Thread 0x0000027431838600 5033       1       org.gradle.internal.logging.progress.DefaultProgressLoggerFactory::access$200 (5 bytes)
Event: 4.257 Thread 0x0000027431838600 nmethod 5033 0x000002741c37f110 code [0x000002741c37f2a0, 0x000002741c37f358]
Event: 4.264 Thread 0x0000027431836a30 5034       4       jdk.internal.loader.URLClassPath$JarLoader$2::getContentLength (9 bytes)
Event: 4.265 Thread 0x0000027431836a30 nmethod 5034 0x000002741c37ee10 code [0x000002741c37efa0, 0x000002741c37f038]
Event: 4.271 Thread 0x0000027431838600 5036       3       jdk.internal.jimage.BasicImageReader::verifyLocation (39 bytes)
Event: 4.271 Thread 0x0000027431838600 nmethod 5036 0x0000027414985790 code [0x0000027414985960, 0x0000027414985c48]
Event: 4.272 Thread 0x0000027431836a30 5037       4       jdk.internal.org.objectweb.asm.ClassReader::<init> (371 bytes)
Event: 4.281 Thread 0x0000027431836a30 nmethod 5037 0x000002741c243110 code [0x000002741c2432c0, 0x000002741c243dc8]
Event: 4.281 Thread 0x0000027431836a30 5038       4       java.util.jar.Manifest::getTrustedAttributes (57 bytes)
Event: 4.285 Thread 0x0000027431836a30 nmethod 5038 0x000002741c2b0790 code [0x000002741c2b0960, 0x000002741c2b0d80]
Event: 4.314 Thread 0x0000027431836a30 5039       4       java.net.URLClassLoader$1::run (5 bytes)

GC Heap History (18 events):
Event: 0.507 GC heap before
{Heap before GC invocations=0 (full 0):
 garbage-first heap   total 524288K, used 28672K [0x0000000740000000, 0x0000000800000000)
  region size 2048K, 12 young (24576K), 0 survivors (0K)
 Metaspace       used 3167K, committed 3328K, reserved 1114112K
  class space    used 395K, committed 448K, reserved 1048576K
}
Event: 0.511 GC heap after
{Heap after GC invocations=1 (full 0):
 garbage-first heap   total 524288K, used 10340K [0x0000000740000000, 0x0000000800000000)
  region size 2048K, 2 young (4096K), 2 survivors (4096K)
 Metaspace       used 3167K, committed 3328K, reserved 1114112K
  class space    used 395K, committed 448K, reserved 1048576K
}
Event: 0.858 GC heap before
{Heap before GC invocations=1 (full 0):
 garbage-first heap   total 524288K, used 41060K [0x0000000740000000, 0x0000000800000000)
  region size 2048K, 17 young (34816K), 2 survivors (4096K)
 Metaspace       used 4064K, committed 4224K, reserved 1114112K
  class space    used 484K, committed 576K, reserved 1048576K
}
Event: 0.860 GC heap after
{Heap after GC invocations=2 (full 0):
 garbage-first heap   total 524288K, used 11229K [0x0000000740000000, 0x0000000800000000)
  region size 2048K, 1 young (2048K), 1 survivors (2048K)
 Metaspace       used 4064K, committed 4224K, reserved 1114112K
  class space    used 484K, committed 576K, reserved 1048576K
}
Event: 2.190 GC heap before
{Heap before GC invocations=2 (full 0):
 garbage-first heap   total 524288K, used 119773K [0x0000000740000000, 0x0000000800000000)
  region size 2048K, 55 young (112640K), 1 survivors (2048K)
 Metaspace       used 20833K, committed 21504K, reserved 1114112K
  class space    used 2956K, committed 3328K, reserved 1048576K
}
Event: 2.196 GC heap after
{Heap after GC invocations=3 (full 0):
 garbage-first heap   total 524288K, used 22248K [0x0000000740000000, 0x0000000800000000)
  region size 2048K, 6 young (12288K), 6 survivors (12288K)
 Metaspace       used 20833K, committed 21504K, reserved 1114112K
  class space    used 2956K, committed 3328K, reserved 1048576K
}
Event: 2.650 GC heap before
{Heap before GC invocations=4 (full 0):
 garbage-first heap   total 90112K, used 75496K [0x0000000740000000, 0x0000000800000000)
  region size 2048K, 26 young (53248K), 6 survivors (12288K)
 Metaspace       used 25520K, committed 26368K, reserved 1114112K
  class space    used 3730K, committed 4160K, reserved 1048576K
}
Event: 2.655 GC heap after
{Heap after GC invocations=5 (full 0):
 garbage-first heap   total 98304K, used 41355K [0x0000000740000000, 0x0000000800000000)
  region size 2048K, 3 young (6144K), 3 survivors (6144K)
 Metaspace       used 25520K, committed 26368K, reserved 1114112K
  class space    used 3730K, committed 4160K, reserved 1048576K
}
Event: 2.675 GC heap before
{Heap before GC invocations=5 (full 0):
 garbage-first heap   total 98304K, used 43403K [0x0000000740000000, 0x0000000800000000)
  region size 2048K, 4 young (8192K), 3 survivors (6144K)
 Metaspace       used 25700K, committed 26560K, reserved 1114112K
  class space    used 3766K, committed 4224K, reserved 1048576K
}
Event: 2.676 GC heap after
{Heap after GC invocations=6 (full 0):
 garbage-first heap   total 98304K, used 41677K [0x0000000740000000, 0x0000000800000000)
  region size 2048K, 1 young (2048K), 1 survivors (2048K)
 Metaspace       used 25700K, committed 26560K, reserved 1114112K
  class space    used 3766K, committed 4224K, reserved 1048576K
}
Event: 2.945 GC heap before
{Heap before GC invocations=6 (full 0):
 garbage-first heap   total 98304K, used 70349K [0x0000000740000000, 0x0000000800000000)
  region size 2048K, 15 young (30720K), 1 survivors (2048K)
 Metaspace       used 28993K, committed 30144K, reserved 1114112K
  class space    used 4300K, committed 4928K, reserved 1048576K
}
Event: 2.947 GC heap after
{Heap after GC invocations=7 (full 0):
 garbage-first heap   total 98304K, used 42740K [0x0000000740000000, 0x0000000800000000)
  region size 2048K, 1 young (2048K), 1 survivors (2048K)
 Metaspace       used 28993K, committed 30144K, reserved 1114112K
  class space    used 4300K, committed 4928K, reserved 1048576K
}
Event: 3.275 GC heap before
{Heap before GC invocations=7 (full 0):
 garbage-first heap   total 98304K, used 67316K [0x0000000740000000, 0x0000000800000000)
  region size 2048K, 15 young (30720K), 1 survivors (2048K)
 Metaspace       used 34764K, committed 35968K, reserved 1114112K
  class space    used 4984K, committed 5632K, reserved 1048576K
}
Event: 3.277 GC heap after
{Heap after GC invocations=8 (full 0):
 garbage-first heap   total 98304K, used 45199K [0x0000000740000000, 0x0000000800000000)
  region size 2048K, 2 young (4096K), 2 survivors (4096K)
 Metaspace       used 34764K, committed 35968K, reserved 1114112K
  class space    used 4984K, committed 5632K, reserved 1048576K
}
Event: 3.535 GC heap before
{Heap before GC invocations=9 (full 0):
 garbage-first heap   total 98304K, used 75919K [0x0000000740000000, 0x0000000800000000)
  region size 2048K, 17 young (34816K), 2 survivors (4096K)
 Metaspace       used 36725K, committed 37952K, reserved 1114112K
  class space    used 5191K, committed 5824K, reserved 1048576K
}
Event: 3.539 GC heap after
{Heap after GC invocations=10 (full 0):
 garbage-first heap   total 311296K, used 48330K [0x0000000740000000, 0x0000000800000000)
  region size 2048K, 3 young (6144K), 3 survivors (6144K)
 Metaspace       used 36725K, committed 37952K, reserved 1114112K
  class space    used 5191K, committed 5824K, reserved 1048576K
}
Event: 3.634 GC heap before
{Heap before GC invocations=10 (full 0):
 garbage-first heap   total 311296K, used 58570K [0x0000000740000000, 0x0000000800000000)
  region size 2048K, 7 young (14336K), 3 survivors (6144K)
 Metaspace       used 37962K, committed 39168K, reserved 1114112K
  class space    used 5274K, committed 5888K, reserved 1048576K
}
Event: 3.638 GC heap after
{Heap after GC invocations=11 (full 0):
 garbage-first heap   total 311296K, used 48817K [0x0000000740000000, 0x0000000800000000)
  region size 2048K, 1 young (2048K), 1 survivors (2048K)
 Metaspace       used 37962K, committed 39168K, reserved 1114112K
  class space    used 5274K, committed 5888K, reserved 1048576K
}

Dll operation events (15 events):
Event: 0.008 Loaded shared library C:\Users\willh\.jdks\corretto-19.0.2\bin\java.dll
Event: 0.016 Loaded shared library C:\Users\willh\.jdks\corretto-19.0.2\bin\jsvml.dll
Event: 0.076 Loaded shared library C:\Users\willh\.jdks\corretto-19.0.2\bin\zip.dll
Event: 0.080 Loaded shared library C:\Users\willh\.jdks\corretto-19.0.2\bin\instrument.dll
Event: 0.089 Loaded shared library C:\Users\willh\.jdks\corretto-19.0.2\bin\net.dll
Event: 0.091 Loaded shared library C:\Users\willh\.jdks\corretto-19.0.2\bin\nio.dll
Event: 0.095 Loaded shared library C:\Users\willh\.jdks\corretto-19.0.2\bin\zip.dll
Event: 0.265 Loaded shared library C:\Users\willh\.jdks\corretto-19.0.2\bin\jimage.dll
Event: 0.312 Loaded shared library C:\Users\willh\.jdks\corretto-19.0.2\bin\verify.dll
Event: 0.424 Loaded shared library C:\Users\willh\.gradle\native\c067742578af261105cb4f569cf0c3c89f3d7b1fecec35dd04571415982c5e48\windows-amd64\native-platform.dll
Event: 0.434 Loaded shared library C:\Users\willh\.gradle\native\38dada09dfb8b06ba9b0570ebf7e218e3eb74d4ef43ca46872605cf95ebc2f47\windows-amd64\native-platform-file-events.dll
Event: 1.081 Loaded shared library C:\Users\willh\.jdks\corretto-19.0.2\bin\management.dll
Event: 1.084 Loaded shared library C:\Users\willh\.jdks\corretto-19.0.2\bin\management_ext.dll
Event: 1.234 Loaded shared library C:\Users\willh\.jdks\corretto-19.0.2\bin\extnet.dll
Event: 1.319 Loaded shared library C:\Users\willh\.jdks\corretto-19.0.2\bin\sunmscapi.dll

Deoptimization events (20 events):
Event: 4.163 Thread 0x00000274334cbce0 Uncommon trap: trap_request=0xffffff76 fr.pc=0x000002741c3b66d8 relative=0x0000000000000138
Event: 4.163 Thread 0x00000274334cbce0 Uncommon trap: reason=predicate action=maybe_recompile pc=0x000002741c3b66d8 method=java.util.Arrays.binarySearch0([Ljava/lang/Object;IILjava/lang/Object;Ljava/util/Comparator;)I @ 25 c2
Event: 4.163 Thread 0x00000274334cbce0 DEOPT PACKING pc=0x000002741c3b66d8 sp=0x0000007f21af7560
Event: 4.163 Thread 0x00000274334cbce0 DEOPT UNPACKING pc=0x000002741bbd6da3 sp=0x0000007f21af7458 mode 2
Event: 4.163 Thread 0x00000274334cbce0 Uncommon trap: trap_request=0xffffff76 fr.pc=0x000002741c3b6bd4 relative=0x0000000000000134
Event: 4.163 Thread 0x00000274334cbce0 Uncommon trap: reason=predicate action=maybe_recompile pc=0x000002741c3b6bd4 method=java.util.Arrays.binarySearch0([Ljava/lang/Object;IILjava/lang/Object;Ljava/util/Comparator;)I @ 25 c2
Event: 4.163 Thread 0x00000274334cbce0 DEOPT PACKING pc=0x000002741c3b6bd4 sp=0x0000007f21af74c0
Event: 4.163 Thread 0x00000274334cbce0 DEOPT UNPACKING pc=0x000002741bbd6da3 sp=0x0000007f21af7450 mode 2
Event: 4.168 Thread 0x00000274334cbce0 Uncommon trap: trap_request=0xffffff45 fr.pc=0x000002741c3d3adc relative=0x000000000000023c
Event: 4.168 Thread 0x00000274334cbce0 Uncommon trap: reason=unstable_if action=reinterpret pc=0x000002741c3d3adc method=org.objectweb.asm.Label.resolve([BLorg/objectweb/asm/ByteVector;I)Z @ 81 c2
Event: 4.168 Thread 0x00000274334cbce0 DEOPT PACKING pc=0x000002741c3d3adc sp=0x0000007f21af28f0
Event: 4.168 Thread 0x00000274334cbce0 DEOPT UNPACKING pc=0x000002741bbd6da3 sp=0x0000007f21af2860 mode 2
Event: 4.227 Thread 0x00000274334cbce0 Uncommon trap: trap_request=0xffffffde fr.pc=0x000002741c3a3dfc relative=0x000000000000005c
Event: 4.227 Thread 0x00000274334cbce0 Uncommon trap: reason=class_check action=maybe_recompile pc=0x000002741c3a3dfc method=java.util.stream.StreamOpFlag.fromCharacteristics(Ljava/util/Spliterator;)I @ 14 c2
Event: 4.227 Thread 0x00000274334cbce0 DEOPT PACKING pc=0x000002741c3a3dfc sp=0x0000007f21af91c0
Event: 4.227 Thread 0x00000274334cbce0 DEOPT UNPACKING pc=0x000002741bbd6da3 sp=0x0000007f21af9158 mode 2
Event: 4.230 Thread 0x00000274334cbce0 Uncommon trap: trap_request=0xffffff76 fr.pc=0x000002741c3bd1fc relative=0x00000000000002dc
Event: 4.230 Thread 0x00000274334cbce0 Uncommon trap: reason=predicate action=maybe_recompile pc=0x000002741c3bd1fc method=java.util.Arrays.fill([Ljava/lang/Object;IILjava/lang/Object;)V @ 13 c2
Event: 4.230 Thread 0x00000274334cbce0 DEOPT PACKING pc=0x000002741c3bd1fc sp=0x0000007f21af9000
Event: 4.230 Thread 0x00000274334cbce0 DEOPT UNPACKING pc=0x000002741bbd6da3 sp=0x0000007f21af8fd0 mode 2

Classes loaded (20 events):
Event: 4.027 Loading class sun/misc/SharedSecrets
Event: 4.027 Loading class sun/misc/SharedSecrets done
Event: 4.048 Loading class java/lang/ClassBeanInfo
Event: 4.048 Loading class java/lang/ClassBeanInfo done
Event: 4.048 Loading class java/lang/ClassBeanInfo
Event: 4.048 Loading class java/lang/ClassBeanInfo done
Event: 4.048 Loading class java/lang/ClassCustomizer
Event: 4.048 Loading class java/lang/ClassCustomizer done
Event: 4.048 Loading class java/lang/ClassCustomizer
Event: 4.048 Loading class java/lang/ClassCustomizer done
Event: 4.049 Loading class sun/reflect/generics/tree/BooleanSignature
Event: 4.049 Loading class sun/reflect/generics/tree/BooleanSignature done
Event: 4.049 Loading class sun/reflect/generics/reflectiveObjects/GenericArrayTypeImpl
Event: 4.049 Loading class sun/reflect/generics/reflectiveObjects/GenericArrayTypeImpl done
Event: 4.051 Loading class jdk/internal/vm/annotation/ForceInline
Event: 4.051 Loading class jdk/internal/vm/annotation/ForceInline done
Event: 4.227 Loading class java/util/BitSet$1BitSetSpliterator
Event: 4.227 Loading class java/util/BitSet$1BitSetSpliterator done
Event: 4.232 Loading class sun/nio/fs/WindowsException
Event: 4.233 Loading class sun/nio/fs/WindowsException done

Classes unloaded (0 events):
No events

Classes redefined (0 events):
No events

Internal exceptions (20 events):
Event: 4.181 Thread 0x00000274334cbce0 Exception <a 'java/lang/ClassNotFoundException'{0x000000074ee86e88}: org/jetbrains/plugins/gradle/tooling/builder/ExternalTestsModelBuilderImplCustomizer> (0x000000074ee86e88) 
thrown [s\src\hotspot\share\classfile\systemDictionary.cpp, line 255]
Event: 4.199 Thread 0x00000274334cbce0 Exception <a 'java/lang/ClassNotFoundException'{0x000000074ecc6e38}: org/jetbrains/plugins/gradle/tooling/builder/ProjectExtensionsDataBuilderImplBeanInfo> (0x000000074ecc6e38) 
thrown [s\src\hotspot\share\classfile\systemDictionary.cpp, line 255]
Event: 4.199 Thread 0x00000274334cbce0 Exception <a 'java/lang/ClassNotFoundException'{0x000000074ecd2508}: org/jetbrains/plugins/gradle/tooling/builder/ProjectExtensionsDataBuilderImplCustomizer> (0x000000074ecd2508) 
thrown [s\src\hotspot\share\classfile\systemDictionary.cpp, line 255]
Event: 4.202 Thread 0x00000274334cbce0 Exception <a 'java/lang/ClassNotFoundException'{0x000000074ed10fb8}: org/jetbrains/plugins/gradle/tooling/builder/IntelliJSettingsBuilderBeanInfo> (0x000000074ed10fb8) 
thrown [s\src\hotspot\share\classfile\systemDictionary.cpp, line 255]
Event: 4.202 Thread 0x00000274334cbce0 Exception <a 'java/lang/ClassNotFoundException'{0x000000074ed1c858}: org/jetbrains/plugins/gradle/tooling/builder/IntelliJSettingsBuilderCustomizer> (0x000000074ed1c858) 
thrown [s\src\hotspot\share\classfile\systemDictionary.cpp, line 255]
Event: 4.204 Thread 0x00000274334cbce0 Exception <a 'java/lang/ClassNotFoundException'{0x000000074ed4e108}: org/jetbrains/plugins/gradle/tooling/builder/IntelliJProjectSettingsBuilderBeanInfo> (0x000000074ed4e108) 
thrown [s\src\hotspot\share\classfile\systemDictionary.cpp, line 255]
Event: 4.204 Thread 0x00000274334cbce0 Exception <a 'java/lang/ClassNotFoundException'{0x000000074ed59ae8}: org/jetbrains/plugins/gradle/tooling/builder/IntelliJProjectSettingsBuilderCustomizer> (0x000000074ed59ae8) 
thrown [s\src\hotspot\share\classfile\systemDictionary.cpp, line 255]
Event: 4.213 Thread 0x00000274334cbce0 Exception <a 'java/lang/ClassNotFoundException'{0x000000074ea216f8}: org/gradle/util/GradleVersionBeanInfo> (0x000000074ea216f8) 
thrown [s\src\hotspot\share\classfile\systemDictionary.cpp, line 255]
Event: 4.214 Thread 0x00000274334cbce0 Exception <a 'java/lang/ClassNotFoundException'{0x000000074ea34c90}: org/gradle/util/GradleVersionCustomizer> (0x000000074ea34c90) 
thrown [s\src\hotspot\share\classfile\systemDictionary.cpp, line 255]
Event: 4.216 Thread 0x00000274334cbce0 Exception <a 'java/lang/ClassNotFoundException'{0x000000074ea73190}: org/gradle/util/internal/DefaultGradleVersionBeanInfo> (0x000000074ea73190) 
thrown [s\src\hotspot\share\classfile\systemDictionary.cpp, line 255]
Event: 4.216 Thread 0x00000274334cbce0 Exception <a 'java/lang/ClassNotFoundException'{0x000000074ea86b10}: org/gradle/util/internal/DefaultGradleVersionCustomizer> (0x000000074ea86b10) 
thrown [s\src\hotspot\share\classfile\systemDictionary.cpp, line 255]
Event: 4.230 Thread 0x00000274334cbce0 Exception <a 'java/lang/IncompatibleClassChangeError'{0x000000074ebfeca0}: Found class java.lang.Object, but interface was expected> (0x000000074ebfeca0) 
thrown [s\src\hotspot\share\interpreter\linkResolver.cpp, line 841]
Event: 4.233 Thread 0x00000274334cbce0 Exception <a 'sun/nio/fs/WindowsException'{0x000000074e829738}> (0x000000074e829738) 
thrown [s\src\hotspot\share\prims\jni.cpp, line 517]
Event: 4.233 Thread 0x00000274334cbce0 Exception <a 'sun/nio/fs/WindowsException'{0x000000074e82afa8}> (0x000000074e82afa8) 
thrown [s\src\hotspot\share\prims\jni.cpp, line 517]
Event: 4.234 Thread 0x00000274334cbce0 Exception <a 'sun/nio/fs/WindowsException'{0x000000074e82c800}> (0x000000074e82c800) 
thrown [s\src\hotspot\share\prims\jni.cpp, line 517]
Event: 4.234 Thread 0x00000274334cbce0 Exception <a 'sun/nio/fs/WindowsException'{0x000000074e82e068}> (0x000000074e82e068) 
thrown [s\src\hotspot\share\prims\jni.cpp, line 517]
Event: 4.246 Thread 0x00000274334cbce0 Exception <a 'java/lang/IncompatibleClassChangeError'{0x000000074e8d4f08}: Found class java.lang.Object, but interface was expected> (0x000000074e8d4f08) 
thrown [s\src\hotspot\share\interpreter\linkResolver.cpp, line 841]
Event: 4.249 Thread 0x00000274334cbce0 Exception <a 'java/lang/NoSuchMethodError'{0x000000074e921fe0}: 'void java.lang.invoke.DirectMethodHandle$Holder.invokeStatic(java.lang.Object, java.lang.Object, java.lang.Object, java.lang.Object, java.lang.Object, java.lang.Object)'> (0x000000074e921fe0) 
thrown [s\src\hotspot\share\interpreter\linkResolver.cpp, line 774]
Event: 4.268 Thread 0x00000274334cbce0 Exception <a 'java/lang/NoSuchMethodError'{0x000000074e706570}: 'void java.lang.invoke.DirectMethodHandle$Holder.invokeVirtual(java.lang.Object, java.lang.Object)'> (0x000000074e706570) 
thrown [s\src\hotspot\share\interpreter\linkResolver.cpp, line 774]
Event: 4.274 Thread 0x00000274334cbce0 Exception <a 'java/lang/NoSuchMethodError'{0x000000074e77e890}: 'void java.lang.invoke.Invokers$Holder.invokeExact_MT(java.lang.Object, java.lang.Object, java.lang.Object, java.lang.Object)'> (0x000000074e77e890) 
thrown [s\src\hotspot\share\interpreter\linkResolver.cpp, line 774]

VM Operations (20 events):
Event: 3.634 Executing VM operation: G1CollectForAllocation
Event: 3.638 Executing VM operation: G1CollectForAllocation done
Event: 3.734 Executing VM operation: HandshakeAllThreads
Event: 3.734 Executing VM operation: HandshakeAllThreads done
Event: 3.738 Executing VM operation: HandshakeAllThreads
Event: 3.738 Executing VM operation: HandshakeAllThreads done
Event: 3.782 Executing VM operation: HandshakeAllThreads
Event: 3.783 Executing VM operation: HandshakeAllThreads done
Event: 3.932 Executing VM operation: HandshakeAllThreads
Event: 3.932 Executing VM operation: HandshakeAllThreads done
Event: 3.958 Executing VM operation: HandshakeAllThreads
Event: 3.958 Executing VM operation: HandshakeAllThreads done
Event: 3.961 Executing VM operation: ICBufferFull
Event: 3.962 Executing VM operation: ICBufferFull done
Event: 3.964 Executing VM operation: HandshakeAllThreads
Event: 3.965 Executing VM operation: HandshakeAllThreads done
Event: 3.977 Executing VM operation: HandshakeAllThreads
Event: 3.978 Executing VM operation: HandshakeAllThreads done
Event: 4.059 Executing VM operation: HandshakeAllThreads
Event: 4.059 Executing VM operation: HandshakeAllThreads done

Events (20 events):
Event: 3.982 Thread 0x000002743183d630 flushing nmethod 0x0000027414e2ca90
Event: 3.982 Thread 0x000002743183d630 flushing nmethod 0x0000027414e2d190
Event: 3.982 Thread 0x000002743183d630 flushing nmethod 0x0000027414e2d710
Event: 3.982 Thread 0x000002743183d630 flushing nmethod 0x0000027414e2e410
Event: 3.982 Thread 0x000002743183d630 flushing nmethod 0x0000027414e30310
Event: 3.982 Thread 0x000002743183d630 flushing nmethod 0x0000027414e47b90
Event: 3.982 Thread 0x000002743183d630 flushing nmethod 0x0000027414e58b90
Event: 3.982 Thread 0x000002743183d630 flushing nmethod 0x0000027414e59310
Event: 3.982 Thread 0x000002743183d630 flushing nmethod 0x0000027414e5ac10
Event: 3.982 Thread 0x000002743183d630 flushing nmethod 0x0000027414e5e010
Event: 3.982 Thread 0x000002743183d630 flushing nmethod 0x0000027414e5eb10
Event: 3.982 Thread 0x000002743183d630 flushing nmethod 0x0000027414e5f310
Event: 3.982 Thread 0x000002743183d630 flushing nmethod 0x0000027414e5fd90
Event: 3.982 Thread 0x000002743183d630 flushing nmethod 0x0000027414e61210
Event: 3.982 Thread 0x000002743183d630 flushing nmethod 0x0000027414e62a90
Event: 3.982 Thread 0x000002743183d630 flushing nmethod 0x0000027414e6f390
Event: 3.982 Thread 0x000002743183d630 flushing nmethod 0x0000027414e72610
Event: 3.982 Thread 0x000002743183d630 flushing nmethod 0x0000027414e86110
Event: 3.983 Thread 0x000002743183d630 flushing nmethod 0x0000027414ebe610
Event: 4.163 Thread 0x00000274318364a0 Thread exited: 0x00000274318364a0


Dynamic libraries:
0x00007ff758ce0000 - 0x00007ff758ced000 	C:\Users\willh\.jdks\corretto-19.0.2\bin\java.exe
0x00007ffa13fd0000 - 0x00007ffa141e7000 	C:\Windows\SYSTEM32\ntdll.dll
0x00007ffa12e00000 - 0x00007ffa12ec4000 	C:\Windows\System32\KERNEL32.DLL
0x00007ffa115e0000 - 0x00007ffa1198d000 	C:\Windows\System32\KERNELBASE.dll
0x00007ffa114c0000 - 0x00007ffa115d1000 	C:\Windows\System32\ucrtbase.dll
0x00007ff9ed6e0000 - 0x00007ff9ed6f7000 	C:\Users\willh\.jdks\corretto-19.0.2\bin\jli.dll
0x00007ff9e9ff0000 - 0x00007ff9ea005000 	C:\Users\willh\.jdks\corretto-19.0.2\bin\VCRUNTIME140.dll
0x00007ffa13740000 - 0x00007ffa138ee000 	C:\Windows\System32\USER32.dll
0x00007ffa11990000 - 0x00007ffa119b6000 	C:\Windows\System32\win32u.dll
0x00007ffa10510000 - 0x00007ffa107a3000 	C:\Windows\WinSxS\amd64_microsoft.windows.common-controls_6595b64144ccf1df_6.0.22621.3672_none_2713b9d173822955\COMCTL32.dll
0x00007ffa12510000 - 0x00007ffa12539000 	C:\Windows\System32\GDI32.dll
0x00007ffa11300000 - 0x00007ffa11419000 	C:\Windows\System32\gdi32full.dll
0x00007ffa135d0000 - 0x00007ffa13677000 	C:\Windows\System32\msvcrt.dll
0x00007ffa11420000 - 0x00007ffa114ba000 	C:\Windows\System32\msvcp_win.dll
0x00007ffa12220000 - 0x00007ffa12251000 	C:\Windows\System32\IMM32.DLL
0x00007ff9996b0000 - 0x00007ff99974b000 	C:\Users\willh\.jdks\corretto-19.0.2\bin\msvcp140.dll
0x00007ff96c5b0000 - 0x00007ff96d289000 	C:\Users\willh\.jdks\corretto-19.0.2\bin\server\jvm.dll
0x00007ffa13380000 - 0x00007ffa13432000 	C:\Windows\System32\ADVAPI32.dll
0x00007ffa13440000 - 0x00007ffa134e9000 	C:\Windows\System32\sechost.dll
0x00007ffa119c0000 - 0x00007ffa119e8000 	C:\Windows\System32\bcrypt.dll
0x00007ffa11d10000 - 0x00007ffa11e24000 	C:\Windows\System32\RPCRT4.dll
0x00007ffa01730000 - 0x00007ffa01764000 	C:\Windows\SYSTEM32\WINMM.dll
0x00007ffa0d980000 - 0x00007ffa0d98a000 	C:\Windows\SYSTEM32\VERSION.dll
0x00007ff999220000 - 0x00007ff999229000 	C:\Windows\SYSTEM32\WSOCK32.dll
0x00007ffa134f0000 - 0x00007ffa13561000 	C:\Windows\System32\WS2_32.dll
0x00007ffa0f4d0000 - 0x00007ffa0f4e8000 	C:\Windows\SYSTEM32\kernel.appcore.dll
0x00007ff9f29c0000 - 0x00007ff9f29ca000 	C:\Users\willh\.jdks\corretto-19.0.2\bin\jimage.dll
0x00007ffa10c50000 - 0x00007ffa10e82000 	C:\Windows\SYSTEM32\DBGHELP.DLL
0x00007ffa11e90000 - 0x00007ffa12218000 	C:\Windows\System32\combase.dll
0x00007ffa12330000 - 0x00007ffa12407000 	C:\Windows\System32\OLEAUT32.dll
0x00007ffa10ad0000 - 0x00007ffa10b02000 	C:\Windows\SYSTEM32\dbgcore.DLL
0x00007ffa119f0000 - 0x00007ffa11a6b000 	C:\Windows\System32\bcryptPrimitives.dll
0x00007ff9f2960000 - 0x00007ff9f296e000 	C:\Users\willh\.jdks\corretto-19.0.2\bin\instrument.dll
0x00007ff9c53a0000 - 0x00007ff9c53c6000 	C:\Users\willh\.jdks\corretto-19.0.2\bin\java.dll
0x00007ff997a50000 - 0x00007ff997b26000 	C:\Users\willh\.jdks\corretto-19.0.2\bin\jsvml.dll
0x00007ffa125a0000 - 0x00007ffa12dff000 	C:\Windows\System32\SHELL32.dll
0x00007ffa0e340000 - 0x00007ffa0ec3c000 	C:\Windows\SYSTEM32\windows.storage.dll
0x00007ffa0e200000 - 0x00007ffa0e33f000 	C:\Windows\SYSTEM32\wintypes.dll
0x00007ffa12ed0000 - 0x00007ffa12fc4000 	C:\Windows\System32\SHCORE.dll
0x00007ffa11e30000 - 0x00007ffa11e8e000 	C:\Windows\System32\shlwapi.dll
0x00007ffa11230000 - 0x00007ffa11251000 	C:\Windows\SYSTEM32\profapi.dll
0x00007ff9e7260000 - 0x00007ff9e7278000 	C:\Users\willh\.jdks\corretto-19.0.2\bin\zip.dll
0x00007ff9e4d00000 - 0x00007ff9e4d13000 	C:\Users\willh\.jdks\corretto-19.0.2\bin\net.dll
0x00007ffa0ce80000 - 0x00007ffa0cfb6000 	C:\Windows\SYSTEM32\WINHTTP.dll
0x00007ffa100e0000 - 0x00007ffa10149000 	C:\Windows\system32\mswsock.dll
0x00007ff9df4d0000 - 0x00007ff9df4e5000 	C:\Users\willh\.jdks\corretto-19.0.2\bin\nio.dll
0x00007ff9ef550000 - 0x00007ff9ef560000 	C:\Users\willh\.jdks\corretto-19.0.2\bin\verify.dll
0x00007ff9eb180000 - 0x00007ff9eb1a7000 	C:\Users\willh\.gradle\native\c067742578af261105cb4f569cf0c3c89f3d7b1fecec35dd04571415982c5e48\windows-amd64\native-platform.dll
0x00007ff98c820000 - 0x00007ff98c964000 	C:\Users\willh\.gradle\native\38dada09dfb8b06ba9b0570ebf7e218e3eb74d4ef43ca46872605cf95ebc2f47\windows-amd64\native-platform-file-events.dll
0x00007ff9ef1e0000 - 0x00007ff9ef1e9000 	C:\Users\willh\.jdks\corretto-19.0.2\bin\management.dll
0x00007ff9eef50000 - 0x00007ff9eef5b000 	C:\Users\willh\.jdks\corretto-19.0.2\bin\management_ext.dll
0x00007ffa12260000 - 0x00007ffa12268000 	C:\Windows\System32\PSAPI.DLL
0x00007ffa10f90000 - 0x00007ffa10fab000 	C:\Windows\SYSTEM32\CRYPTSP.dll
0x00007ffa0f430000 - 0x00007ffa0f465000 	C:\Windows\system32\rsaenh.dll
0x00007ffa101e0000 - 0x00007ffa10208000 	C:\Windows\SYSTEM32\USERENV.dll
0x00007ffa103d0000 - 0x00007ffa103dc000 	C:\Windows\SYSTEM32\CRYPTBASE.dll
0x00007ffa0ef50000 - 0x00007ffa0ef7d000 	C:\Windows\SYSTEM32\IPHLPAPI.DLL
0x00007ffa13180000 - 0x00007ffa13189000 	C:\Windows\System32\NSI.dll
0x00007ffa0ce60000 - 0x00007ffa0ce79000 	C:\Windows\SYSTEM32\dhcpcsvc6.DLL
0x00007ffa0ce40000 - 0x00007ffa0ce5f000 	C:\Windows\SYSTEM32\dhcpcsvc.DLL
0x00007ffa0efc0000 - 0x00007ffa0f0b8000 	C:\Windows\SYSTEM32\DNSAPI.dll
0x00007ff9ee3e0000 - 0x00007ff9ee3e8000 	C:\Users\willh\.jdks\corretto-19.0.2\bin\extnet.dll
0x00007ff9ee310000 - 0x00007ff9ee31e000 	C:\Users\willh\.jdks\corretto-19.0.2\bin\sunmscapi.dll
0x00007ffa11a70000 - 0x00007ffa11bd7000 	C:\Windows\System32\CRYPT32.dll
0x00007ffa107b0000 - 0x00007ffa107de000 	C:\Windows\SYSTEM32\ncrypt.dll
0x00007ffa104d0000 - 0x00007ffa10507000 	C:\Windows\SYSTEM32\NTASN1.dll
0x00007ff9c6700000 - 0x00007ff9c6708000 	C:\Windows\system32\wshunix.dll

dbghelp: loaded successfully - version: 4.0.5 - missing functions: none
symbol engine: initialized successfully - sym options: 0x614 - pdb path: .;C:\Users\willh\.jdks\corretto-19.0.2\bin;C:\Windows\SYSTEM32;C:\Windows\WinSxS\amd64_microsoft.windows.common-controls_6595b64144ccf1df_6.0.22621.3672_none_2713b9d173822955;C:\Users\willh\.jdks\corretto-19.0.2\bin\server;C:\Users\willh\.gradle\native\c067742578af261105cb4f569cf0c3c89f3d7b1fecec35dd04571415982c5e48\windows-amd64;C:\Users\willh\.gradle\native\38dada09dfb8b06ba9b0570ebf7e218e3eb74d4ef43ca46872605cf95ebc2f47\windows-amd64

VM Arguments:
jvm_args: --add-opens=java.base/java.util=ALL-UNNAMED --add-opens=java.base/java.lang=ALL-UNNAMED --add-opens=java.base/java.lang.invoke=ALL-UNNAMED --add-opens=java.prefs/java.util.prefs=ALL-UNNAMED --add-opens=java.base/java.nio.charset=ALL-UNNAMED --add-opens=java.base/java.net=ALL-UNNAMED --add-opens=java.base/java.util.concurrent.atomic=ALL-UNNAMED -Xmx3G -Dfile.encoding=windows-1252 -Duser.country=US -Duser.language=en -Duser.variant -javaagent:C:\Users\willh\.gradle\wrapper\dists\gradle-8.7-bin\bhs2wmbdwecv87pi65oeuq5iu\gradle-8.7\lib\agents\gradle-instrumentation-agent-8.7.jar 
java_command: org.gradle.launcher.daemon.bootstrap.GradleDaemon 8.7
java_class_path (initial): C:\Users\willh\.gradle\wrapper\dists\gradle-8.7-bin\bhs2wmbdwecv87pi65oeuq5iu\gradle-8.7\lib\gradle-launcher-8.7.jar
Launcher Type: SUN_STANDARD

[Global flags]
     intx CICompilerCount                          = 4                                         {product} {ergonomic}
     uint ConcGCThreads                            = 2                                         {product} {ergonomic}
     uint G1ConcRefinementThreads                  = 8                                         {product} {ergonomic}
   size_t G1HeapRegionSize                         = 2097152                                   {product} {ergonomic}
    uintx GCDrainStackTargetSize                   = 64                                        {product} {ergonomic}
   size_t InitialHeapSize                          = 536870912                                 {product} {ergonomic}
   size_t MarkStackSize                            = 4194304                                   {product} {ergonomic}
   size_t MaxHeapSize                              = 3221225472                                {product} {command line}
   size_t MaxNewSize                               = 1931476992                                {product} {ergonomic}
   size_t MinHeapDeltaBytes                        = 2097152                                   {product} {ergonomic}
   size_t MinHeapSize                              = 8388608                                   {product} {ergonomic}
    uintx NonNMethodCodeHeapSize                   = 5839372                                {pd product} {ergonomic}
    uintx NonProfiledCodeHeapSize                  = 122909434                              {pd product} {ergonomic}
    uintx ProfiledCodeHeapSize                     = 122909434                              {pd product} {ergonomic}
    uintx ReservedCodeCacheSize                    = 251658240                              {pd product} {ergonomic}
     bool SegmentedCodeCache                       = true                                      {product} {ergonomic}
   size_t SoftMaxHeapSize                          = 3221225472                             {manageable} {ergonomic}
     bool UseCompressedClassPointers               = true                           {product lp64_product} {ergonomic}
     bool UseCompressedOops                        = true                           {product lp64_product} {ergonomic}
     bool UseG1GC                                  = true                                      {product} {ergonomic}
     bool UseLargePagesIndividualAllocation        = false                                  {pd product} {ergonomic}

Logging:
Log output configuration:
 #0: stdout all=warning uptime,level,tags foldmultilines=false
 #1: stderr all=off uptime,level,tags foldmultilines=false

Environment Variables:
JAVA_HOME=C:\Users\willh\.jdks\azul-21.0.3
PATH=C:\Python312\Scripts\;C:\Python312\;C:\Windows\system32;C:\Windows;C:\Windows\System32\Wbem;C:\Windows\System32\WindowsPowerShell\v1.0\;C:\Windows\System32\OpenSSH\;C:\Program Files\NVIDIA Corporation\NVIDIA NvDLISR;C:\Program Files (x86)\NVIDIA Corporation\PhysX\Common;C:\Program Files\Git\cmd;C:\Users\willh\.jdks\azul-21.0.3\bin;C:\Program Files\nodejs\;C:\ProgramData\chocolatey\bin;C:\Users\willh\AppData\Roaming\npm;C:\Users\willh\AppData\Local\Microsoft\WindowsApps;C:\Users\willh\AppData\Roaming\npm
USERNAME=willh
OS=Windows_NT
PROCESSOR_IDENTIFIER=Intel64 Family 6 Model 158 Stepping 12, GenuineIntel
TMP=C:\Users\willh\AppData\Local\Temp
TEMP=C:\Users\willh\AppData\Local\Temp



---------------  S Y S T E M  ---------------

OS:
 Windows 11 , 64 bit Build 22621 (10.0.22621.3672)
OS uptime: 2 days 10:58 hours

CPU: total 8 (initial active 8) (8 cores per cpu, 1 threads per core) family 6 model 158 stepping 12 microcode 0xde, cx8, cmov, fxsr, mmx, 3dnowpref, sse, sse2, sse3, ssse3, sse4.1, sse4.2, popcnt, lzcnt, tsc, tscinvbit, avx, avx2, aes, erms, clmul, bmi1, bmi2, rtm, adx, fma, vzeroupper, clflush, clflushopt, rdtscp

Memory: 4k page, system-wide physical 32706M (20571M free)
TotalPageFile size 37570M (AvailPageFile size 21498M)
current process WorkingSet (physical memory assigned to process): 347M, peak: 347M
current process commit charge ("private bytes"): 541M, peak: 721M

vm_info: OpenJDK 64-Bit Server VM (19.0.2+7-FR) for windows-amd64 JRE (19.0.2+7-FR), built on Jan 13 2023 22:53:32 by "Administrator" with MS VC++ 15.9 (VS2017)

END.
