[07Jun2024 12:15:18.780] [main/INFO] [cpw.mods.modlauncher.Launcher/MODLAUNCHER]: ModLauncher running: args [--mod, crystal_tools, --all, --output, /home/will-y/IdeaProjects/crystal-tools/src/generated/resources, --existing, /home/will-y/IdeaProjects/crystal-tools/src/main/resources, --launchTarget, forgedatauserdev, --assetIndex, asset-index, --assetsDir, /home/will-y/.gradle/caches/minecraft/assets/1.20.6, --gameDir, ., --fml.neoForgeVersion, 20.6.100-beta, --fml.fmlVersion, 3.0.37, --fml.mcVersion, 1.20.6, --fml.neoFormVersion, 20240429.153634]
[07Jun2024 12:15:18.782] [main/INFO] [cpw.mods.modlauncher.Launcher/MODLAUNCHER]: JVM identified as JetBrains s.r.o. OpenJDK 64-Bit Server VM 21.0.3+13-b458.1
[07Jun2024 12:15:18.783] [main/INFO] [cpw.mods.modlauncher.Launcher/MODLAUNCHER]: ModLauncher 11.0.2+main.4612c65f starting: java version 21.0.3 by JetBrains s.r.o.; OS Linux arch amd64 version 6.8.0-31-generic
[07Jun2024 12:15:18.894] [main/INFO] [net.neoforged.fml.loading.ImmediateWindowHandler/]: ImmediateWindowProvider not loading because launch target is forgedatauserdev
[07Jun2024 12:15:18.945] [main/INFO] [mixin/]: SpongePowered MIXIN Subsystem Version=0.8.5 Source=union:/home/will-y/.gradle/caches/modules-2/files-2.1/net.fabricmc/sponge-mixin/0.13.4+mixin.0.8.5/8adf0cff1795a169141b9e16ad7b9f6e2527a990/sponge-mixin-0.13.4+mixin.0.8.5.jar%23133!/ Service=ModLauncher Env=CLIENT
[07Jun2024 12:15:19.196] [main/INFO] [net.neoforged.fml.loading.moddiscovery.ModDiscoverer/SCAN]: Found mod file "neoforge-20.6.100-beta.jar" [locator: neoforge devenv provider ([/home/will-y/IdeaProjects/crystal-tools/.gradle/repositories/ng_dummy_ng/net/neoforged/neoforge/20.6.100-beta/neoforge-20.6.100-beta.jar])]
[07Jun2024 12:15:19.212] [main/INFO] [net.neoforged.fml.loading.moddiscovery.ModDiscoverer/SCAN]: Found mod file "neoforge-20.6.100-beta.jar" [locator: neoforge devenv provider ([/home/will-y/IdeaProjects/crystal-tools/.gradle/repositories/ng_dummy_ng/net/neoforged/neoforge/20.6.100-beta/neoforge-20.6.100-beta.jar])]
[07Jun2024 12:15:19.222] [main/INFO] [net.neoforged.fml.loading.moddiscovery.ModDiscoverer/SCAN]: Found mod file "main" [locator: userdev mods and services, reader: mod manifest]
[07Jun2024 12:15:19.239] [main/INFO] [net.neoforged.fml.loading.moddiscovery.ModDiscoverer/SCAN]: Found mod file "neoforge-20.6.100-beta.jar" [locator: userdev mods and services, reader: mod manifest]
[07Jun2024 12:15:19.252] [main/INFO] [net.neoforged.fml.loading.moddiscovery.ModDiscoverer/SCAN]: Found gamelibrary file "mixinextras-neoforge-0.3.5.jar" [locator: userdev mods and services, reader: mod manifest]
[07Jun2024 12:15:19.355] [main/WARN] [net.neoforged.jarjar.selection.JarSelector/]: Attempted to select a dependency jar for JarJar which was passed in as source: mixinextras-neoforge-0.3.5.jar. Using Mod File: /home/will-y/.gradle/caches/modules-2/files-2.1/io.github.llamalad7/mixinextras-neoforge/0.3.5/ef3ffcf309dae656517b2f120189b1c9b21737dd/mixinextras-neoforge-0.3.5.jar
[07Jun2024 12:15:19.356] [main/INFO] [net.neoforged.fml.loading.moddiscovery.locators.JarInJarDependencyLocator/]: No dependencies to load found. Skipping!
[07Jun2024 12:15:20.281] [main/INFO] [cpw.mods.modlauncher.LaunchServiceHandler/MODLAUNCHER]: Launching target 'forgedatauserdev' with arguments [--gameDir, ., --assetsDir, /home/will-y/.gradle/caches/minecraft/assets/1.20.6, --mod, crystal_tools, --all, --output, /home/will-y/IdeaProjects/crystal-tools/src/generated/resources, --existing, /home/will-y/IdeaProjects/crystal-tools/src/main/resources, --assetIndex, asset-index]
[07Jun2024 12:15:20.673] [main/INFO] [net.neoforged.neoforge.data.loading.DatagenModLoader/]: Initializing Data Gatherer for mods [crystal_tools]
[07Jun2024 12:15:25.856] [modloading-worker-0/INFO] [net.neoforged.neoforge.common.NeoForgeMod/NEOFORGE-MOD]: NeoForge mod loading, version 20.6.100-beta, for MC 1.20.6
[07Jun2024 12:15:26.282] [main/WARN] [net.minecraft.server.packs.VanillaPackResourcesBuilder/]: Assets URL 'union:/home/will-y/IdeaProjects/crystal-tools/.gradle/repositories/ng_dummy_ng/net/neoforged/neoforge/20.6.100-beta/neoforge-20.6.100-beta.jar%23189!/assets/.mcassetsroot' uses unexpected schema
[07Jun2024 12:15:26.283] [main/WARN] [net.minecraft.server.packs.VanillaPackResourcesBuilder/]: Assets URL 'union:/home/will-y/IdeaProjects/crystal-tools/.gradle/repositories/ng_dummy_ng/net/neoforged/neoforge/20.6.100-beta/neoforge-20.6.100-beta.jar%23189!/data/.mcassetsroot' uses unexpected schema
[07Jun2024 12:15:26.444] [main/INFO] [net.minecraft.data.DataGenerator/]: Starting provider: Block States: crystal_tools
[07Jun2024 12:15:26.466] [main/INFO] [net.minecraft.data.DataGenerator/]: Block States: crystal_tools finished after 21 ms
[07Jun2024 12:15:26.466] [main/INFO] [net.minecraft.data.DataGenerator/]: Starting provider: Item Models: crystal_tools
[07Jun2024 12:15:26.479] [main/INFO] [net.minecraft.data.DataGenerator/]: Item Models: crystal_tools finished after 13 ms
[07Jun2024 12:15:26.480] [main/INFO] [net.minecraft.data.DataGenerator/]: Starting provider: Tags for minecraft:block mod id crystal_tools
[07Jun2024 12:15:26.676] [main/INFO] [net.minecraft.data.DataGenerator/]: Tags for minecraft:block mod id crystal_tools finished after 196 ms
[07Jun2024 12:15:26.677] [main/INFO] [net.minecraft.data.DataGenerator/]: Starting provider: Tags for minecraft:entity_type mod id crystal_tools
[07Jun2024 12:15:26.677] [main/INFO] [net.minecraft.data.DataGenerator/]: Tags for minecraft:entity_type mod id crystal_tools finished after 0 ms
[07Jun2024 12:15:26.677] [main/INFO] [net.minecraft.data.DataGenerator/]: Starting provider: Loot Tables
[07Jun2024 12:15:26.701] [main/INFO] [net.minecraft.data.DataGenerator/]: Loot Tables finished after 23 ms
[07Jun2024 12:15:26.701] [main/INFO] [net.minecraft.data.DataGenerator/]: Starting provider: Recipes
[07Jun2024 12:15:26.760] [main/INFO] [net.minecraft.data.DataGenerator/]: Recipes finished after 58 ms
[07Jun2024 12:15:26.760] [main/INFO] [net.minecraft.data.DataGenerator/]: All providers took: 317 ms
[07Jun2024 12:15:26.768] [main/INFO] [net.minecraft.data.HashCache/]: Caching: total files: 92, old count: 77, new count: 93, removed stale: 0, written: 43
